500
0
1
eji-a 3
1
2
a-b 5
ejj-b 2
2
1
b-c 3
3
2
c-d 5
ejj-d 2
4
1
d-e 3
5
2
e-f 4
ejj-f 2
6
1
f-g 3
7
2
g-h 3
ejj-h 4
8
1
h-i 3
9
2
i-j 6
ejj-j 1
10
1
j-ba 3
11
2
ba-bb 4
ejj-bb 2
12
1
bb-bc 3
13
2
bc-bd 4
ejj-bd 3
14
1
bd-be 3
15
2
be-bf 5
ejj-bf 2
16
1
bf-bg 3
17
2
bg-bh 6
ejj-bh 1
18
1
bh-bi 3
19
2
bi-bj 4
ejj-bj 2
20
1
bj-ca 3
21
2
ca-cb 4
ejj-cb 3
22
1
cb-cc 3
23
2
cc-cd 3
ejj-cd 3
24
1
cd-ce 3
25
2
ce-cf 3
ejj-cf 4
26
1
cf-cg 3
27
2
cg-ch 5
ejj-ch 2
28
1
ch-ci 3
29
2
ci-cj 4
ejj-cj 3
30
1
cj-da 3
31
2
da-db 4
ejj-db 3
32
1
db-dc 3
33
2
dc-dd 5
ejj-dd 2
34
1
dd-de 3
35
2
de-df 5
ejj-df 2
36
1
df-dg 3
37
2
dg-dh 4
ejj-dh 3
38
1
dh-di 3
39
2
di-dj 4
ejj-dj 3
40
1
dj-ea 3
41
2
ea-eb 6
ejj-eb 1
42
1
eb-ec 3
43
2
ec-ed 6
ejj-ed 1
44
1
ed-ee 3
45
2
ee-ef 5
ejj-ef 2
46
1
ef-eg 3
47
2
eg-eh 2
ejj-eh 5
48
1
eh-ei 3
49
2
ei-ej 4
ejj-ej 3
50
1
ej-fa 3
51
2
fa-fb 5
ejj-fb 2
52
1
fb-fc 3
53
1
fc-fd 6
54
1
fd-fe 3
55
2
fe-ff 4
ejj-ff 3
56
1
ff-fg 3
57
2
fg-fh 3
ejj-fh 4
58
1
fh-fi 3
59
2
fi-fj 5
ejj-fj 2
60
1
fj-ga 3
61
2
ga-gb 3
ejj-gb 3
62
1
gb-gc 3
63
2
gc-gd 5
ejj-gd 2
64
1
gd-ge 3
65
2
ge-gf 6
ejj-gf 1
66
1
gf-gg 3
67
2
gg-gh 5
ejj-gh 2
68
1
gh-gi 3
69
2
gi-gj 5
ejj-gj 2
70
1
gj-ha 3
71
2
ha-hb 5
ejj-hb 2
72
1
hb-hc 3
73
2
hc-hd 5
ejj-hd 2
74
1
hd-he 3
75
2
he-hf 5
ejj-hf 2
76
1
hf-hg 3
77
2
hg-hh 4
ejj-hh 3
78
1
hh-hi 3
79
2
hi-hj 5
ejj-hj 2
80
1
hj-ia 3
81
2
ia-ib 5
ejj-ib 2
82
1
ib-ic 3
83
2
ic-id 4
ejj-id 3
84
1
id-ie 3
85
2
ie-if 4
ejj-if 3
86
1
if-ig 3
87
2
ig-ih 5
ejj-ih 2
88
1
ih-ii 3
89
2
ii-ij 3
ejj-ij 4
90
1
ij-ja 3
91
2
ja-jb 5
ejj-jb 2
92
1
jb-jc 3
93
2
jc-jd 5
ejj-jd 1
94
1
jd-je 3
95
2
je-jf 5
ejj-jf 2
96
1
jf-jg 3
97
2
jg-jh 4
ejj-jh 3
98
1
jh-ji 3
99
2
ji-jj 6
ejj-jj 1
100
1
jj-baa 3
101
2
baa-bab 6
ejj-bab 1
102
1
bab-bac 3
103
2
bac-bad 5
ejj-bad 2
104
1
bad-bae 3
105
2
bae-baf 5
ejj-baf 2
106
1
baf-bag 3
107
2
bag-bah 4
ejj-bah 2
108
1
bah-bai 3
109
2
bai-baj 5
ejj-baj 2
110
1
baj-bba 3
111
2
bba-bbb 4
ejj-bbb 2
112
1
bbb-bbc 3
113
2
bbc-bbd 5
ejj-bbd 2
114
1
bbd-bbe 3
115
2
bbe-bbf 5
ejj-bbf 2
116
1
bbf-bbg 3
117
2
bbg-bbh 3
ejj-bbh 3
118
1
bbh-bbi 3
119
2
bbi-bbj 4
ejj-bbj 3
120
1
bbj-bca 3
121
2
bca-bcb 3
ejj-bcb 3
122
1
bcb-bcc 3
123
2
bcc-bcd 2
ejj-bcd 4
124
1
bcd-bce 3
125
2
bce-bcf 5
ejj-bcf 2
126
1
bcf-bcg 3
127
2
bcg-bch 4
ejj-bch 2
128
1
bch-bci 3
129
2
bci-bcj 3
ejj-bcj 4
130
1
bcj-bda 3
131
2
bda-bdb 4
ejj-bdb 3
132
1
bdb-bdc 3
133
2
bdc-bdd 4
ejj-bdd 3
134
1
bdd-bde 3
135
2
bde-bdf 5
ejj-bdf 2
136
1
bdf-bdg 3
137
2
bdg-bdh 5
ejj-bdh 2
138
1
bdh-bdi 3
139
2
bdi-bdj 5
ejj-bdj 2
140
1
bdj-bea 3
141
2
bea-beb 4
ejj-beb 2
142
1
beb-bec 3
143
2
bec-bed 4
ejj-bed 2
144
1
bed-bee 3
145
2
bee-bef 4
ejj-bef 3
146
1
bef-beg 3
147
2
beg-beh 5
ejj-beh 2
148
1
beh-bei 3
149
2
bei-bej 4
ejj-bej 3
150
1
bej-bfa 3
151
2
bfa-bfb 5
ejj-bfb 2
152
1
bfb-bfc 3
153
2
bfc-bfd 4
ejj-bfd 3
154
1
bfd-bfe 3
155
2
bfe-bff 4
ejj-bff 3
156
1
bff-bfg 3
157
2
bfg-bfh 4
ejj-bfh 2
158
1
bfh-bfi 3
159
2
bfi-bfj 5
ejj-bfj 2
160
1
bfj-bga 3
161
1
bga-bgb 6
162
1
bgb-bgc 3
163
2
bgc-bgd 4
ejj-bgd 2
164
1
bgd-bge 3
165
2
bge-bgf 4
ejj-bgf 3
166
1
bgf-bgg 3
167
2
bgg-bgh 4
ejj-bgh 3
168
1
bgh-bgi 3
169
2
bgi-bgj 6
ejj-bgj 1
170
1
bgj-bha 3
171
2
bha-bhb 5
ejj-bhb 1
172
1
bhb-bhc 3
173
2
bhc-bhd 6
ejj-bhd 1
174
1
bhd-bhe 3
175
2
bhe-bhf 4
ejj-bhf 3
176
1
bhf-bhg 3
177
2
bhg-bhh 3
ejj-bhh 3
178
1
bhh-bhi 3
179
2
bhi-bhj 6
ejj-bhj 1
180
1
bhj-bia 3
181
2
bia-bib 4
ejj-bib 3
182
1
bib-bic 3
183
2
bic-bid 5
ejj-bid 2
184
1
bid-bie 3
185
2
bie-bif 4
ejj-bif 3
186
1
bif-big 3
187
2
big-bih 5
ejj-bih 2
188
1
bih-bii 3
189
2
bii-bij 3
ejj-bij 4
190
1
bij-bja 3
191
2
bja-bjb 5
ejj-bjb 2
192
1
bjb-bjc 3
193
2
bjc-bjd 5
ejj-bjd 2
194
1
bjd-bje 3
195
2
bje-bjf 6
ejj-bjf 1
196
1
bjf-bjg 3
197
2
bjg-bjh 5
ejj-bjh 1
198
1
bjh-bji 3
199
2
bji-bjj 5
ejj-bjj 2
200
1
bjj-caa 3
201
2
caa-cab 6
ejj-cab 1
202
1
cab-cac 3
203
2
cac-cad 4
ejj-cad 3
204
1
cad-cae 3
205
2
cae-caf 5
ejj-caf 2
206
1
caf-cag 3
207
2
cag-cah 5
ejj-cah 2
208
1
cah-cai 3
209
2
cai-caj 3
ejj-caj 3
210
1
caj-cba 3
211
2
cba-cbb 5
ejj-cbb 1
212
1
cbb-cbc 3
213
2
cbc-cbd 5
ejj-cbd 2
214
1
cbd-cbe 3
215
2
cbe-cbf 4
ejj-cbf 3
216
1
cbf-cbg 3
217
2
cbg-cbh 3
ejj-cbh 4
218
1
cbh-cbi 3
219
2
cbi-cbj 5
ejj-cbj 2
220
1
cbj-cca 3
221
2
cca-ccb 5
ejj-ccb 2
222
1
ccb-ccc 3
223
2
ccc-ccd 5
ejj-ccd 2
224
1
ccd-cce 3
225
2
cce-ccf 5
ejj-ccf 2
226
1
ccf-ccg 3
227
2
ccg-cch 5
ejj-cch 1
228
1
cch-cci 3
229
2
cci-ccj 4
ejj-ccj 3
230
1
ccj-cda 3
231
2
cda-cdb 4
ejj-cdb 2
232
1
cdb-cdc 3
233
2
cdc-cdd 4
ejj-cdd 2
234
1
cdd-cde 3
235
2
cde-cdf 6
ejj-cdf 1
236
1
cdf-cdg 3
237
2
cdg-cdh 5
ejj-cdh 2
238
1
cdh-cdi 3
239
2
cdi-cdj 3
ejj-cdj 4
240
1
cdj-cea 3
241
2
cea-ceb 5
ejj-ceb 2
242
1
ceb-cec 3
243
2
cec-ced 5
ejj-ced 2
244
1
ced-cee 3
245
2
cee-cef 5
ejj-cef 2
246
1
cef-ceg 3
247
2
ceg-ceh 6
ejj-ceh 1
248
1
ceh-cei 3
249
1
cei-cej 6
250
1
cej-cfa 3
251
2
cfa-cfb 5
ejj-cfb 1
252
1
cfb-cfc 3
253
2
cfc-cfd 3
ejj-cfd 4
254
1
cfd-cfe 3
255
2
cfe-cff 4
ejj-cff 3
256
1
cff-cfg 3
257
2
cfg-cfh 5
ejj-cfh 2
258
1
cfh-cfi 3
259
2
cfi-cfj 4
ejj-cfj 2
260
1
cfj-cga 3
261
2
cga-cgb 6
ejj-cgb 1
262
1
cgb-cgc 3
263
2
cgc-cgd 3
ejj-cgd 3
264
1
cgd-cge 3
265
2
cge-cgf 6
ejj-cgf 1
266
1
cgf-cgg 3
267
2
cgg-cgh 6
ejj-cgh 1
268
1
cgh-cgi 3
269
1
cgi-cgj 6
270
1
cgj-cha 3
271
2
cha-chb 3
ejj-chb 4
272
1
chb-chc 3
273
2
chc-chd 4
ejj-chd 3
274
1
chd-che 3
275
2
che-chf 4
ejj-chf 3
276
1
chf-chg 3
277
2
chg-chh 6
ejj-chh 1
278
1
chh-chi 3
279
2
chi-chj 4
ejj-chj 3
280
1
chj-cia 3
281
2
cia-cib 6
ejj-cib 1
282
1
cib-cic 3
283
2
cic-cid 6
ejj-cid 1
284
1
cid-cie 3
285
2
cie-cif 5
ejj-cif 2
286
1
cif-cig 3
287
2
cig-cih 5
ejj-cih 2
288
1
cih-cii 3
289
1
cii-cij 6
290
1
cij-cja 3
291
2
cja-cjb 5
ejj-cjb 2
292
1
cjb-cjc 3
293
2
cjc-cjd 5
ejj-cjd 2
294
1
cjd-cje 3
295
2
cje-cjf 4
ejj-cjf 3
296
1
cjf-cjg 3
297
2
cjg-cjh 4
ejj-cjh 2
298
1
cjh-cji 3
299
2
cji-cjj 4
ejj-cjj 3
300
1
cjj-daa 3
301
2
daa-dab 6
ejj-dab 1
302
1
dab-dac 3
303
2
dac-dad 4
ejj-dad 3
304
1
dad-dae 3
305
2
dae-daf 5
ejj-daf 2
306
1
daf-dag 3
307
2
dag-dah 4
ejj-dah 3
308
1
dah-dai 3
309
2
dai-daj 5
ejj-daj 2
310
1
daj-dba 3
311
2
dba-dbb 4
ejj-dbb 3
312
1
dbb-dbc 3
313
2
dbc-dbd 5
ejj-dbd 2
314
1
dbd-dbe 3
315
2
dbe-dbf 5
ejj-dbf 2
316
1
dbf-dbg 3
317
2
dbg-dbh 5
ejj-dbh 2
318
1
dbh-dbi 3
319
2
dbi-dbj 6
ejj-dbj 1
320
1
dbj-dca 3
321
2
dca-dcb 4
ejj-dcb 3
322
1
dcb-dcc 3
323
2
dcc-dcd 6
ejj-dcd 1
324
1
dcd-dce 3
325
2
dce-dcf 6
ejj-dcf 1
326
1
dcf-dcg 3
327
2
dcg-dch 4
ejj-dch 3
328
1
dch-dci 3
329
2
dci-dcj 5
ejj-dcj 2
330
1
dcj-dda 3
331
2
dda-ddb 5
ejj-ddb 2
332
1
ddb-ddc 3
333
2
ddc-ddd 6
ejj-ddd 1
334
1
ddd-dde 3
335
2
dde-ddf 4
ejj-ddf 3
336
1
ddf-ddg 3
337
2
ddg-ddh 6
ejj-ddh 1
338
1
ddh-ddi 3
339
2
ddi-ddj 4
ejj-ddj 2
340
1
ddj-dea 3
341
2
dea-deb 3
ejj-deb 4
342
1
deb-dec 3
343
2
dec-ded 4
ejj-ded 3
344
1
ded-dee 3
345
2
dee-def 5
ejj-def 2
346
1
def-deg 3
347
2
deg-deh 6
ejj-deh 1
348
1
deh-dei 3
349
2
dei-dej 5
ejj-dej 2
350
1
dej-dfa 3
351
1
dfa-dfb 6
352
1
dfb-dfc 3
353
2
dfc-dfd 5
ejj-dfd 2
354
1
dfd-dfe 3
355
2
dfe-dff 5
ejj-dff 2
356
1
dff-dfg 3
357
2
dfg-dfh 4
ejj-dfh 3
358
1
dfh-dfi 3
359
2
dfi-dfj 4
ejj-dfj 3
360
1
dfj-dga 3
361
2
dga-dgb 5
ejj-dgb 2
362
1
dgb-dgc 3
363
2
dgc-dgd 5
ejj-dgd 2
364
1
dgd-dge 3
365
2
dge-dgf 5
ejj-dgf 2
366
1
dgf-dgg 3
367
2
dgg-dgh 5
ejj-dgh 1
368
1
dgh-dgi 3
369
2
dgi-dgj 5
ejj-dgj 2
370
1
dgj-dha 3
371
2
dha-dhb 6
ejj-dhb 1
372
1
dhb-dhc 3
373
2
dhc-dhd 4
ejj-dhd 2
374
1
dhd-dhe 3
375
2
dhe-dhf 5
ejj-dhf 2
376
1
dhf-dhg 3
377
2
dhg-dhh 5
ejj-dhh 2
378
1
dhh-dhi 3
379
2
dhi-dhj 6
ejj-dhj 1
380
1
dhj-dia 3
381
2
dia-dib 6
ejj-dib 1
382
1
dib-dic 3
383
2
dic-did 4
ejj-did 3
384
1
did-die 3
385
2
die-dif 6
ejj-dif 1
386
1
dif-dig 3
387
2
dig-dih 4
ejj-dih 2
388
1
dih-dii 3
389
2
dii-dij 5
ejj-dij 2
390
1
dij-dja 3
391
2
dja-djb 4
ejj-djb 3
392
1
djb-djc 3
393
2
djc-djd 6
ejj-djd 1
394
1
djd-dje 3
395
1
dje-djf 6
396
1
djf-djg 3
397
2
djg-djh 4
ejj-djh 3
398
1
djh-dji 3
399
2
dji-djj 5
ejj-djj 2
400
1
djj-eaa 3
401
2
eaa-eab 5
ejj-eab 2
402
1
eab-eac 3
403
2
eac-ead 5
ejj-ead 2
404
1
ead-eae 3
405
2
eae-eaf 3
ejj-eaf 3
406
1
eaf-eag 3
407
2
eag-eah 6
ejj-eah 1
408
1
eah-eai 3
409
2
eai-eaj 3
ejj-eaj 3
410
1
eaj-eba 3
411
2
eba-ebb 5
ejj-ebb 2
412
1
ebb-ebc 3
413
2
ebc-ebd 5
ejj-ebd 2
414
1
ebd-ebe 3
415
2
ebe-ebf 5
ejj-ebf 2
416
1
ebf-ebg 3
417
2
ebg-ebh 4
ejj-ebh 3
418
1
ebh-ebi 3
419
2
ebi-ebj 5
ejj-ebj 2
420
1
ebj-eca 3
421
2
eca-ecb 5
ejj-ecb 2
422
1
ecb-ecc 3
423
2
ecc-ecd 5
ejj-ecd 2
424
1
ecd-ece 3
425
2
ece-ecf 5
ejj-ecf 2
426
1
ecf-ecg 3
427
2
ecg-ech 5
ejj-ech 2
428
1
ech-eci 3
429
2
eci-ecj 4
ejj-ecj 2
430
1
ecj-eda 3
431
2
eda-edb 4
ejj-edb 3
432
1
edb-edc 3
433
2
edc-edd 4
ejj-edd 2
434
1
edd-ede 3
435
2
ede-edf 6
ejj-edf 1
436
1
edf-edg 3
437
2
edg-edh 5
ejj-edh 2
438
1
edh-edi 3
439
2
edi-edj 5
ejj-edj 2
440
1
edj-eea 3
441
2
eea-eeb 4
ejj-eeb 3
442
1
eeb-eec 3
443
2
eec-eed 4
ejj-eed 2
444
1
eed-eee 3
445
2
eee-eef 5
ejj-eef 2
446
1
eef-eeg 3
447
2
eeg-eeh 5
ejj-eeh 2
448
1
eeh-eei 3
449
1
eei-eej 6
450
1
eej-efa 3
451
2
efa-efb 5
ejj-efb 2
452
1
efb-efc 3
453
2
efc-efd 3
ejj-efd 4
454
1
efd-efe 3
455
2
efe-eff 4
ejj-eff 3
456
1
eff-efg 3
457
2
efg-efh 5
ejj-efh 2
458
1
efh-efi 3
459
2
efi-efj 5
ejj-efj 2
460
1
efj-ega 3
461
2
ega-egb 5
ejj-egb 2
462
1
egb-egc 3
463
2
egc-egd 6
ejj-egd 1
464
1
egd-ege 3
465
2
ege-egf 4
ejj-egf 2
466
1
egf-egg 3
467
2
egg-egh 2
ejj-egh 5
468
1
egh-egi 3
469
2
egi-egj 5
ejj-egj 2
470
1
egj-eha 3
471
2
eha-ehb 4
ejj-ehb 3
472
1
ehb-ehc 3
473
2
ehc-ehd 5
ejj-ehd 2
474
1
ehd-ehe 3
475
2
ehe-ehf 5
ejj-ehf 2
476
1
ehf-ehg 3
477
2
ehg-ehh 5
ejj-ehh 2
478
1
ehh-ehi 3
479
2
ehi-ehj 4
ejj-ehj 3
480
1
ehj-eia 3
481
2
eia-eib 5
ejj-eib 2
482
1
eib-eic 3
483
2
eic-eid 5
ejj-eid 2
484
1
eid-eie 3
485
2
eie-eif 5
ejj-eif 1
486
1
eif-eig 3
487
1
eig-eih 6
488
1
eih-eii 3
489
2
eii-eij 3
ejj-eij 4
490
1
eij-eja 3
491
2
eja-ejb 4
ejj-ejb 3
492
1
ejb-ejc 3
493
2
ejc-ejd 4
ejj-ejd 3
494
1
ejd-eje 3
495
2
eje-ejf 5
ejj-ejf 2
496
1
ejf-ejg 3
497
2
ejg-ejh 5
ejj-ejh 2
498
1
ejh-eji 3
499
225
a-ejj 3
e-ejj 4
g-ejj 3
i-ejj 6
ba-ejj 4
bc-ejj 6
be-ejj 2
bi-ejj 6
ca-ejj 6
cc-ejj 4
ce-ejj 3
cg-ejj 2
ci-ejj 4
dc-ejj 5
de-ejj 2
dg-ejj 5
di-ejj 3
ec-ejj 5
ee-ejj 6
eg-ejj 5
fa-ejj 3
fc-ejj 4
fe-ejj 5
fg-ejj 2
fi-ejj 2
ga-ejj 3
gc-ejj 3
ge-ejj 6
gg-ejj 3
gi-ejj 4
ha-ejj 6
hc-ejj 5
he-ejj 7
hg-ejj 4
hi-ejj 4
ia-ejj 3
ic-ejj 3
ie-ejj 2
ig-ejj 3
ja-ejj 4
jc-ejj 2
je-ejj 4
jg-ejj 3
ji-ejj 6
baa-ejj 3
bac-ejj 7
bae-ejj 5
bag-ejj 4
bai-ejj 3
bba-ejj 4
bbc-ejj 5
bbe-ejj 3
bbg-ejj 5
bcc-ejj 2
bcg-ejj 4
bci-ejj 2
bda-ejj 3
bdc-ejj 3
bde-ejj 5
bdg-ejj 3
bdi-ejj 3
bea-ejj 6
bec-ejj 5
bee-ejj 5
beg-ejj 3
bei-ejj 5
bfa-ejj 4
bfc-ejj 3
bfe-ejj 3
bfg-ejj 3
bfi-ejj 4
bga-ejj 3
bgc-ejj 2
bge-ejj 4
bgg-ejj 6
bgi-ejj 4
bha-ejj 6
bhc-ejj 5
bhe-ejj 6
bhg-ejj 3
bhi-ejj 2
bia-ejj 4
bic-ejj 6
bie-ejj 4
big-ejj 3
bii-ejj 5
bja-ejj 3
bjc-ejj 3
bje-ejj 5
bjg-ejj 3
caa-ejj 5
cac-ejj 4
cae-ejj 5
cbc-ejj 2
cbe-ejj 3
cbg-ejj 3
cca-ejj 2
ccc-ejj 4
cce-ejj 3
ccg-ejj 5
cci-ejj 4
cda-ejj 2
cdc-ejj 2
cde-ejj 3
cdg-ejj 8
cdi-ejj 5
cea-ejj 4
cec-ejj 2
cee-ejj 4
ceg-ejj 5
cei-ejj 4
cfa-ejj 5
cfc-ejj 2
cfg-ejj 2
cfi-ejj 2
cgc-ejj 2
cge-ejj 4
cgg-ejj 2
cgi-ejj 4
cha-ejj 3
chc-ejj 5
che-ejj 3
chg-ejj 6
chi-ejj 2
cia-ejj 3
cic-ejj 4
cie-ejj 5
cig-ejj 2
cii-ejj 5
cja-ejj 5
cjc-ejj 4
cje-ejj 6
cjg-ejj 4
cji-ejj 3
daa-ejj 3
dac-ejj 4
dae-ejj 2
dag-ejj 5
dai-ejj 6
dba-ejj 11
dbg-ejj 3
dca-ejj 8
dcc-ejj 2
dce-ejj 4
dcg-ejj 4
dci-ejj 2
dda-ejj 3
ddc-ejj 4
dde-ejj 4
ddg-ejj 3
ddi-ejj 4
dea-ejj 4
dec-ejj 2
dee-ejj 3
deg-ejj 2
dei-ejj 4
dfc-ejj 3
dfg-ejj 5
dfi-ejj 4
dga-ejj 3
dge-ejj 4
dgi-ejj 3
dha-ejj 3
dhc-ejj 6
dhe-ejj 6
dhg-ejj 4
dhi-ejj 3
dia-ejj 3
dic-ejj 2
die-ejj 5
dig-ejj 2
dii-ejj 4
dja-ejj 5
djc-ejj 3
dje-ejj 3
djg-ejj 4
dji-ejj 2
eaa-ejj 3
eac-ejj 3
eae-ejj 4
eag-ejj 4
eai-ejj 5
eba-ejj 3
ebc-ejj 3
ebe-ejj 6
ebg-ejj 7
ebi-ejj 2
eca-ejj 4
ecc-ejj 3
ece-ejj 3
ecg-ejj 2
eci-ejj 2
eda-ejj 2
edc-ejj 2
ede-ejj 4
edg-ejj 2
edi-ejj 5
eea-ejj 3
eec-ejj 2
eee-ejj 2
eeg-ejj 4
eei-ejj 4
efa-ejj 2
efc-ejj 4
efe-ejj 4
efi-ejj 4
egc-ejj 2
ege-ejj 4
egg-ejj 4
egi-ejj 3
eha-ejj 3
ehc-ejj 2
ehe-ejj 4
ehg-ejj 3
ehi-ejj 3
eia-ejj 5
eic-ejj 2
eie-ejj 4
eig-ejj 2
eii-ejj 6
eja-ejj 4
ejc-ejj 4
eje-ejj 3
ejg-ejj 5
eji-ejj 3
