1643
0
1
cd-a 1
1
2
dab-b 30
ehb-b 5
2
6
bi-c 1
di-c 1
bih-c 1
dgc-c 1
fcd-c 40
dgj-c 3
3
6
cd-d 2
bjg-d 1
cbd-d 1
hcj-d 2
ii-d 19
bcb-d 16
4
3
d-e 1
cba-e 1
hic-e 68
5
7
e-f 1
bc-f 1
ff-f 1
bda-f 1
jcc-f 1
jbb-f 2
bdjf-f 11
6
6
bfg-g 1
ehc-g 2
iee-g 4
eie-g 4
gic-g 5
bedj-g 1
7
1
bfa-h 2
8
3
geg-i 39
gie-i 8
bahi-i 1
9
4
bi-j 1
ce-j 1
heg-j 5
fbj-j 61
10
2
bdi-ba 1
dhf-ba 1
11
8
bae-bb 1
gc-bb 1
bcb-bb 1
bee-bb 22
cd-bb 2
bcea-bb 1
bcef-bb 6
bgf-bb 4
12
6
ddf-bc 1
ccj-bc 2
dgf-bc 15
baid-bc 1
hbf-bc 8
daa-bc 5
13
3
cch-bd 7
cjb-bd 1
bejh-bd 8
14
4
fec-be 4
bbbj-be 6
babg-be 5
beai-be 39
15
2
hi-bf 8
dh-bf 1
16
7
bi-bg 1
jf-bg 1
iag-bg 1
fib-bg 1
gge-bg 2
bdii-bg 8
baae-bg 1
17
3
hjd-bh 1
bgeh-bh 4
ihi-bh 30
18
5
bc-bi 1
feh-bi 1
hej-bi 1
babg-bi 24
fic-bi 51
19
8
bc-bj 2
ch-bj 1
dg-bj 1
db-bj 2
dhf-bj 3
cii-bj 2
hcj-bj 1
bdbf-bj 1
20
4
cd-ca 1
bai-ca 1
dfg-ca 2
gjh-ca 16
21
3
dcc-cb 2
did-cb 2
edb-cb 4
22
4
ff-cc 1
dgf-cc 3
jgi-cc 1
badc-cc 3
23
6
bhd-cd 4
fae-cd 1
dbg-cd 27
gfa-cd 1
ffb-cd 22
bcaj-cd 2
24
4
bi-ce 1
ef-ce 1
jgf-ce 2
jag-ce 5
25
5
cc-cf 1
fhg-cf 2
bbci-cf 1
eac-cf 32
def-cf 9
26
7
ca-cg 1
eh-cg 2
chb-cg 5
deg-cg 2
deb-cg 2
bd-cg 7
hhc-cg 3
27
6
cd-ch 1
bjd-ch 2
dji-ch 3
ddb-ch 2
hch-ch 2
jgg-ch 6
28
5
hif-ci 2
gbg-ci 4
befi-ci 1
bffg-ci 43
hfh-ci 13
29
3
egd-cj 1
fbi-cj 1
bfgd-cj 13
30
8
ea-da 1
bhd-da 7
eej-da 3
bdf-da 5
gda-da 1
fai-da 8
beib-da 6
bcei-da 8
31
7
bc-db 1
cd-db 2
gi-db 1
bgj-db 1
cbh-db 3
cfj-db 1
bbde-db 20
32
6
ecg-dc 1
iag-dc 1
jbf-dc 1
ifh-dc 2
bbgj-dc 4
iej-dc 56
33
3
fc-dd 1
dfg-dd 1
babg-dd 4
34
4
di-de 3
bhe-de 1
ghj-de 1
eih-de 1
35
5
gc-df 1
igi-df 7
iei-df 1
ibf-df 1
bfgb-df 39
36
8
cee-dg 1
bed-dg 1
hah-dg 9
bcii-dg 11
bdfc-dg 1
bcag-dg 3
bebe-dg 6
bgfe-dg 7
37
5
dc-dh 1
db-dh 1
hha-dh 7
gcd-dh 1
bagf-dh 51
38
1
haf-di 78
39
3
cbh-dj 2
ef-dj 2
gdb-dj 1
40
6
dbb-ea 1
cgg-ea 1
jff-ea 2
fda-ea 2
jjh-ea 3
eee-ea 2
41
3
hac-eb 2
cdi-eb 28
bbfc-eb 32
42
5
fi-ec 3
fc-ec 1
ege-ec 4
ci-ec 1
cdc-ec 16
43
5
eb-ed 1
ech-ed 3
edf-ed 1
bcia-ed 13
bfdc-ed 4
44
3
ejg-ee 1
cfb-ee 2
bacc-ee 3
45
7
bgd-ef 1
bgb-ef 1
cij-ef 2
egh-ef 1
ige-ef 13
cih-ef 11
beeh-ef 4
46
5
bcd-eg 1
bdj-eg 1
cbg-eg 1
ffd-eg 1
ggg-eg 28
47
5
bjb-eh 3
fdd-eh 1
bbfg-eh 21
gdh-eh 25
bbei-eh 5
48
6
bb-ei 1
cbh-ei 1
dff-ei 1
bbje-ei 1
jfj-ei 16
bcjf-ei 3
49
3
cd-ej 3
jia-ej 1
baig-ej 25
50
6
bcb-fa 1
hg-fa 1
bc-fa 3
bhg-fa 1
jji-fa 4
dhe-fa 25
51
3
bdc-fb 9
dfa-fb 5
bcch-fb 3
52
5
jb-fc 1
bcj-fc 1
eab-fc 1
fif-fc 6
bfch-fc 36
53
4
je-fd 1
dd-fd 1
daf-fd 1
dhe-fd 1
54
1
jic-fe 3
55
7
ic-ff 1
bdf-ff 1
dbd-ff 1
bed-ff 1
cje-ff 3
bdcg-ff 1
gb-ff 18
56
1
bfaf-fg 4
57
7
d-fh 1
bdb-fh 1
ccb-fh 1
jh-fh 1
jie-fh 1
jjd-fh 1
bejb-fh 8
58
3
fg-fi 2
hee-fi 3
bfdg-fi 21
59
7
ff-fj 1
bea-fj 1
dbg-fj 8
ddg-fj 1
hfh-fj 1
ifd-fj 3
bcha-fj 2
60
6
cg-ga 1
cih-ga 1
dac-ga 1
eah-ga 1
bi-ga 5
fga-ga 27
61
2
bbeb-gb 1
bbjc-gb 18
62
6
e-gc 1
j-gc 1
bga-gc 1
eie-gc 5
bdfa-gc 9
gge-gc 32
63
8
dbf-gd 1
cfj-gd 2
dai-gd 2
icd-gd 1
je-gd 1
daj-gd 3
gfb-gd 1
bfgc-gd 14
64
2
g-ge 1
dfi-ge 1
65
1
cgh-gf 1
66
5
jdj-gg 1
cdh-gg 17
idf-gg 1
jhg-gg 1
bfjf-gg 43
67
3
bh-gh 1
jci-gh 1
bddh-gh 9
68
3
cbe-gi 3
ch-gi 2
bcff-gi 34
69
3
edh-gj 1
gjj-gj 3
baad-gj 1
70
3
bda-ha 1
db-ha 8
ecc-ha 1
71
2
iaa-hb 7
efh-hb 16
72
4
gg-hc 1
cif-hc 2
dbf-hc 6
ejc-hc 21
74
7
bcd-he 1
bgi-he 6
gij-he 3
gig-he 1
bebb-he 3
hc-he 4
bcjc-he 16
75
4
da-hf 1
dah-hf 1
bdbc-hf 3
hie-hf 5
76
4
dfj-hg 1
bja-hg 17
gbd-hg 5
cgj-hg 5
77
7
bdh-hh 2
caa-hh 1
cae-hh 4
bjb-hh 6
jae-hh 2
gcj-hh 11
beic-hh 2
78
5
fa-hi 1
bac-hi 1
ihf-hi 1
baec-hi 26
iba-hi 22
79
3
di-hj 1
gfg-hj 3
jfc-hj 38
80
4
di-ia 2
ccc-ia 1
bdjd-ia 2
bfeh-ia 4
81
4
gia-ib 4
ghd-ib 6
dea-ib 2
dad-ib 2
82
3
cgi-ic 1
fdf-ic 2
bedh-ic 12
83
4
ej-id 1
ebd-id 1
gbg-id 1
eab-id 15
84
5
bjd-ie 1
dej-ie 1
haj-ie 1
fbb-ie 1
eeh-ie 1
85
3
di-if 1
bcge-if 21
bfce-if 8
86
2
egf-ig 1
baif-ig 2
87
3
bba-ih 1
cgh-ih 8
bcfj-ih 2
88
6
chf-ii 22
eig-ii 1
bacd-ii 1
dgc-ii 5
bacj-ii 8
bgfi-ii 3
89
4
dbi-ij 1
fbc-ij 1
bcd-ij 5
ife-ij 3
90
3
bei-ja 1
fef-ja 1
hij-ja 19
91
4
jc-jb 1
bhe-jb 1
bc-jb 1
ehi-jb 1
92
6
hj-jc 1
gbe-jc 1
gii-jc 1
fci-jc 1
babi-jc 46
bbjg-jc 23
93
2
cae-jd 1
fhj-jd 1
94
6
bbi-je 2
bi-je 15
fcf-je 3
bfc-je 20
gdf-je 17
bfgb-je 4
95
3
dfc-jf 1
iae-jf 2
gbd-jf 4
96
3
ec-jg 1
beb-jg 1
daf-jg 45
97
6
ei-jh 1
ecj-jh 1
bcbf-jh 1
dai-jh 1
hib-jh 2
bbfg-jh 31
98
5
gbe-ji 1
idd-ji 1
bccj-ji 4
beaa-ji 2
bdjh-ji 17
99
3
dej-jj 5
bcee-jj 9
fgf-jj 6
100
5
bfg-baa 2
dfi-baa 2
fhg-baa 4
efg-baa 16
dig-baa 19
101
4
chf-bab 9
ede-bab 4
jhg-bab 2
eic-bab 5
102
5
hj-bac 2
da-bac 1
hfi-bac 1
gja-bac 12
bfe-bac 21
103
3
bfi-bad 1
bha-bad 3
jid-bad 5
104
4
cd-bae 1
bdga-bae 22
dgj-bae 2
ceg-bae 2
105
5
cgb-baf 1
cbg-baf 1
bcb-baf 2
cj-baf 4
bdbh-baf 20
106
7
bcc-bag 1
dad-bag 1
ede-bag 1
fic-bag 1
bbfi-bag 1
baab-bag 1
bfce-bag 3
107
6
deg-bah 7
ddf-bah 1
hbf-bah 9
bbcc-bah 3
ifd-bah 5
gjh-bah 35
108
2
bda-bai 7
cfj-bai 12
109
6
db-baj 1
bda-baj 2
ddb-baj 1
chf-baj 2
eg-baj 3
cjg-baj 1
110
5
hi-bba 1
je-bba 2
dic-bba 2
gdc-bba 8
fbe-bba 6
111
4
bdh-bbb 1
edb-bbb 2
fdh-bbb 6
d-bbb 5
112
5
dbb-bbc 1
jje-bbc 2
gbg-bbc 1
chf-bbc 56
dgb-bbc 1
113
2
bja-bbd 1
gca-bbd 1
114
3
cie-bbe 2
ehd-bbe 4
cb-bbe 1
115
5
fj-bbf 2
bej-bbf 1
dfc-bbf 2
bage-bbf 22
bei-bbf 27
116
6
cbd-bbg 1
bbbj-bbg 3
eba-bbg 4
iff-bbg 21
gdc-bbg 14
eg-bbg 10
117
3
ehi-bbh 1
gjh-bbh 1
bacc-bbh 39
118
9
bca-bbi 1
cea-bbi 1
beb-bbi 1
ib-bbi 1
gfd-bbi 2
cbb-bbi 1
ige-bbi 1
bech-bbi 1
beeh-bbi 41
119
7
bbf-bbj 1
gjh-bbj 1
eh-bbj 2
baja-bbj 1
bbag-bbj 2
ige-bbj 1
fag-bbj 47
120
6
cc-bca 1
bae-bca 1
eae-bca 2
gae-bca 1
cji-bca 2
gaf-bca 1
121
4
bbdg-bcb 10
fba-bcb 36
bdea-bcb 1
bbgc-bcb 8
122
7
bjd-bcc 1
jg-bcc 1
gfi-bcc 1
hgb-bcc 1
bebg-bcc 1
bbff-bcc 26
bbab-bcc 11
123
5
gc-bcd 1
ddj-bcd 2
jec-bcd 4
eed-bcd 10
iie-bcd 1
124
8
bb-bce 1
ccc-bce 1
fed-bce 1
gef-bce 14
edi-bce 6
bi-bce 6
bagd-bce 5
gc-bce 6
125
4
deg-bcf 2
cea-bcf 5
ddj-bcf 3
gih-bcf 2
126
7
di-bcg 1
dbg-bcg 2
cah-bcg 1
bhj-bcg 1
g-bcg 2
hcj-bcg 1
dgg-bcg 1
127
6
bfc-bch 1
dfd-bch 1
ecb-bch 6
gad-bch 14
fbh-bch 13
bgbf-bch 4
128
7
bbc-bci 1
fi-bci 1
fag-bci 1
bagb-bci 3
bcbc-bci 2
bbf-bci 1
bbhe-bci 36
129
7
bbf-bcj 2
bah-bcj 2
cjh-bcj 1
eac-bcj 1
iff-bcj 22
cjg-bcj 1
icj-bcj 2
130
6
ia-bda 1
fbe-bda 1
dhg-bda 3
eh-bda 3
dfj-bda 3
ffa-bda 41
131
8
bfc-bdb 1
djh-bdb 3
bhb-bdb 2
cda-bdb 1
fib-bdb 1
jbg-bdb 2
efd-bdb 22
deh-bdb 7
132
9
bec-bdc 1
fee-bdc 22
bbfe-bdc 2
bbjh-bdc 5
bbah-bdc 2
fdc-bdc 5
jbg-bdc 4
cfc-bdc 1
bfea-bdc 10
133
5
bja-bdd 1
efa-bdd 1
bjf-bdd 1
bece-bdd 8
bcgc-bdd 24
134
6
bdh-bde 1
hhi-bde 1
iah-bde 4
bba-bde 2
gge-bde 4
beec-bde 2
135
6
hc-bdf 1
bhe-bdf 1
gbf-bdf 2
gea-bdf 15
hcg-bdf 18
bbab-bdf 5
136
8
bcc-bdg 1
ch-bdg 1
dhi-bdg 1
jdg-bdg 2
djj-bdg 1
cha-bdg 2
bbij-bdg 8
bahh-bdg 38
137
4
edg-bdh 4
feh-bdh 6
ce-bdh 3
jjg-bdh 11
138
6
ich-bdi 1
gci-bdi 3
iic-bdi 36
bcfj-bdi 1
bffi-bdi 1
jbe-bdi 1
139
7
ffb-bdj 1
igb-bdj 1
bbbh-bdj 1
jfe-bdj 12
igg-bdj 2
geh-bdj 22
hhc-bdj 4
140
4
dgb-bea 2
dgc-bea 12
cdh-bea 1
fif-bea 1
141
8
cbg-beb 1
cbe-beb 1
fe-beb 1
dci-beb 2
edh-beb 2
ffd-beb 1
djg-beb 2
hia-beb 24
142
8
hj-bec 12
eei-bec 5
bdh-bec 1
ii-bec 3
ica-bec 1
hff-bec 1
hea-bec 11
bdei-bec 9
143
6
bhc-bed 1
cfa-bed 1
ica-bed 3
feh-bed 2
begd-bed 4
cd-bed 34
144
5
cfa-bee 1
dfg-bee 1
bbej-bee 1
bgbe-bee 64
gjd-bee 3
145
4
bjd-bef 2
dai-bef 9
jei-bef 2
fgj-bef 8
146
5
bja-beg 1
ea-beg 1
bef-beg 4
fei-beg 3
hgd-beg 1
147
9
hi-beh 4
ef-beh 1
bab-beh 3
cia-beh 2
ih-beh 1
ccg-beh 1
ieh-beh 29
gdd-beh 1
jbj-beh 2
148
5
fge-bei 15
jbi-bei 3
bcgi-bei 8
becg-bei 1
jca-bei 27
149
5
cdi-bej 1
bdb-bej 1
dbi-bej 2
bec-bej 7
fif-bej 20
150
5
ddd-bfa 1
cjd-bfa 10
egg-bfa 2
cdf-bfa 2
ifi-bfa 1
151
2
fda-bfb 1
bdji-bfb 18
152
9
dhb-bfc 1
cdb-bfc 1
fbb-bfc 1
cei-bfc 1
fcb-bfc 1
ifh-bfc 2
gbi-bfc 2
dcb-bfc 36
bafi-bfc 4
153
4
bif-bfd 1
cie-bfd 3
haa-bfd 3
jgi-bfd 2
154
5
cgh-bfe 3
hff-bfe 1
baea-bfe 12
dch-bfe 18
gbc-bfe 3
155
4
fdh-bff 1
gfe-bff 7
eec-bff 9
bcie-bff 3
156
8
bef-bfg 1
hj-bfg 4
fh-bfg 1
dae-bfg 1
be-bfg 1
efi-bfg 2
hhe-bfg 4
bgac-bfg 26
157
4
baf-bfh 1
bae-bfh 1
eaa-bfh 3
gcj-bfh 1
158
7
bacf-bfi 1
idg-bfi 1
jhe-bfi 1
ecj-bfi 1
ich-bfi 1
gaa-bfi 23
bgci-bfi 58
159
5
ded-bfj 1
gce-bfj 1
gif-bfj 3
jjj-bfj 7
bii-bfj 6
160
3
dij-bga 1
efe-bga 5
hbd-bga 25
161
6
dff-bgb 1
hea-bgb 16
bahe-bgb 1
bcga-bgb 1
bedd-bgb 2
cgc-bgb 4
162
7
fd-bgc 1
cdb-bgc 1
ehc-bgc 1
cff-bgc 1
ffi-bgc 1
cgd-bgc 5
bdeh-bgc 7
163
5
f-bgd 1
gd-bgd 2
edg-bgd 12
dbj-bgd 1
bgdh-bgd 5
164
3
d-bge 2
hci-bge 10
jif-bge 7
165
4
bie-bgf 1
bd-bgf 1
baih-bgf 1
iaa-bgf 16
166
6
id-bgg 1
babe-bgg 1
heh-bgg 8
bdde-bgg 2
ehg-bgg 26
bcaa-bgg 22
167
5
dbg-bgh 5
cej-bgh 2
cgg-bgh 1
be-bgh 2
bfgh-bgh 6
168
8
cej-bgi 1
baa-bgi 1
eij-bgi 2
bhh-bgi 4
bc-bgi 1
cbi-bgi 12
dda-bgi 1
daj-bgi 27
169
5
djh-bgj 1
hbh-bgj 1
jai-bgj 2
hch-bgj 3
bffe-bgj 2
170
8
fh-bha 2
ccd-bha 1
ddd-bha 1
edd-bha 1
bff-bha 1
bde-bha 1
bi-bha 1
gi-bha 14
171
6
jh-bhb 1
cda-bhb 2
ih-bhb 4
hhd-bhb 21
fcb-bhb 3
bfbi-bhb 4
172
6
bfe-bhc 2
edf-bhc 1
eje-bhc 1
gfg-bhc 1
bbfd-bhc 24
bagf-bhc 4
173
4
bcb-bhd 1
hj-bhd 4
gii-bhd 2
eed-bhd 6
174
5
bgj-bhe 1
chd-bhe 1
ebi-bhe 1
cfe-bhe 1
daa-bhe 23
175
6
dgi-bhf 1
ech-bhf 3
cgi-bhf 1
ca-bhf 1
jga-bhf 1
bci-bhf 10
176
7
cbg-bhg 1
bci-bhg 1
cfi-bhg 1
baf-bhg 1
cdi-bhg 19
iga-bhg 2
babb-bhg 2
177
4
cbc-bhh 1
cch-bhh 4
efe-bhh 10
bai-bhh 3
178
5
cdb-bhi 1
ibh-bhi 3
gbb-bhi 1
bacb-bhi 1
eaj-bhi 19
179
7
hg-bhj 2
fha-bhj 2
ghd-bhj 3
cb-bhj 2
dbf-bhj 1
bafb-bhj 29
hbc-bhj 2
180
4
hi-bia 3
cch-bia 6
dac-bia 1
bjg-bia 1
181
3
hjj-bib 1
fhc-bib 2
eae-bib 35
182
4
dc-bic 1
baa-bic 3
hdc-bic 1
eee-bic 2
183
4
dec-bid 1
beh-bid 2
bef-bid 2
bajd-bid 1
184
11
bbc-bie 1
bae-bie 1
bef-bie 1
dbe-bie 1
bcc-bie 2
cdc-bie 1
cfe-bie 1
hdd-bie 3
eig-bie 2
bcai-bie 2
bde-bie 4
185
5
cji-bif 1
je-bif 1
bahf-bif 1
babf-bif 9
bgcg-bif 31
186
2
deg-big 5
bdde-big 2
187
4
ccj-bih 1
dcf-bih 7
hef-bih 2
bcff-bih 29
188
5
dfa-bii 2
bga-bii 3
ejd-bii 3
caj-bii 1
bcej-bii 8
189
6
bcj-bij 1
eab-bij 1
cha-bij 10
gfi-bij 1
cia-bij 8
ba-bij 1
190
3
dig-bja 1
ded-bja 2
dca-bja 26
191
4
db-bjb 3
bbee-bjb 12
bcdb-bjb 8
fed-bjb 2
192
5
ibe-bjc 4
bagc-bjc 1
eia-bjc 1
baad-bjc 14
ggh-bjc 1
193
5
di-bjd 1
gd-bjd 1
bij-bjd 1
hdg-bjd 18
ghb-bjd 6
194
4
dgf-bje 1
eja-bje 1
ecd-bje 26
cga-bje 2
195
6
hie-bjf 1
hii-bjf 1
ecg-bjf 3
baff-bjf 32
hic-bjf 5
bccc-bjf 1
196
3
cec-bjg 1
dih-bjg 3
df-bjg 2
197
6
bcb-bjh 4
eah-bjh 1
cd-bjh 9
gfd-bjh 1
jeb-bjh 2
djg-bjh 1
198
4
dbg-bji 1
cgh-bji 1
fdj-bji 1
beeb-bji 20
199
4
jhe-bjj 1
edg-bjj 1
gci-bjj 2
baad-bjj 25
200
6
dhc-caa 1
jgd-caa 1
ecb-caa 4
bafd-caa 3
hfg-caa 2
djj-caa 5
201
6
bdg-cab 18
daf-cab 1
bef-cab 2
jca-cab 1
jbg-cab 2
cjd-cab 7
202
5
cgd-cac 1
djc-cac 4
bbdh-cac 2
dbf-cac 17
fid-cac 22
203
3
edd-cad 1
ege-cad 2
icg-cad 3
204
8
cci-cae 1
bea-cae 1
gdi-cae 2
chb-cae 3
bcb-cae 16
jcd-cae 4
bccg-cae 11
hhb-cae 11
205
3
bafb-caf 31
ghc-caf 1
gag-caf 4
206
4
bbg-cag 1
cie-cag 17
fbi-cag 2
ebb-cag 2
207
6
cce-cah 2
fde-cah 1
fac-cah 2
ih-cah 2
bahc-cah 3
bebe-cah 11
208
2
jda-cai 1
gdb-cai 1
209
4
jh-caj 1
eba-caj 1
eji-caj 4
ghh-caj 4
210
4
bfi-cba 1
bccb-cba 3
bgdd-cba 16
bbjf-cba 27
211
5
ca-cbb 1
be-cbb 2
da-cbb 1
cge-cbb 6
ihc-cbb 5
212
2
bcdg-cbc 11
efg-cbc 23
213
8
ehe-cbd 1
bif-cbd 2
chb-cbd 1
eag-cbd 1
bcdc-cbd 1
cec-cbd 1
jej-cbd 1
jfc-cbd 33
214
1
bbcc-cbe 51
215
3
ceb-cbf 1
cdj-cbf 1
bff-cbf 2
216
4
bdg-cbg 1
hjj-cbg 1
bbfi-cbg 9
becj-cbg 21
217
5
ej-cbh 1
bfg-cbh 1
caj-cbh 1
jhi-cbh 2
bhi-cbh 18
218
3
bdi-cbi 1
ede-cbi 45
ebh-cbi 1
219
5
db-cbj 2
dcf-cbj 2
hi-cbj 2
jec-cbj 1
gjj-cbj 14
220
6
cbe-cca 1
bbi-cca 1
ihg-cca 1
ehi-cca 1
bbdb-cca 4
eea-cca 3
221
6
bjj-ccb 2
eig-ccb 1
ejj-ccb 2
d-ccb 1
ddd-ccb 2
jeh-ccb 2
222
3
eag-ccc 7
bcda-ccc 4
jfh-ccc 21
223
6
cjf-ccd 3
ecd-ccd 2
dhh-ccd 1
eae-ccd 1
feh-ccd 3
bajb-ccd 14
224
4
bdc-cce 1
daf-cce 1
hdf-cce 1
bceh-cce 6
225
7
dca-ccf 4
hcc-ccf 1
ghd-ccf 1
jeg-ccf 1
ihi-ccf 46
ga-ccf 8
bfdd-ccf 1
226
7
bih-ccg 1
fhh-ccg 1
ide-ccg 1
hde-ccg 1
ijd-ccg 2
bahi-ccg 3
hjh-ccg 1
227
4
bhe-cch 2
ice-cch 1
egd-cch 14
baaf-cch 7
228
4
ceb-cci 1
haf-cci 4
bgbg-cci 13
bbfd-cci 10
229
6
cch-ccj 3
eeb-ccj 5
gdf-ccj 4
hji-ccj 19
bch-ccj 1
j-ccj 1
230
3
dd-cda 2
jae-cda 2
ejd-cda 3
231
4
fcf-cdb 1
jaa-cdb 2
bff-cdb 1
ejg-cdb 38
232
6
ccj-cdc 2
gac-cdc 1
eb-cdc 1
fad-cdc 8
ddj-cdc 12
hjg-cdc 2
233
2
db-cdd 5
bebi-cdd 16
234
7
bjb-cde 1
fff-cde 1
bi-cde 2
bj-cde 1
gge-cde 6
hhb-cde 7
bdia-cde 5
235
5
iee-cdf 1
badh-cdf 1
dfa-cdf 1
fjc-cdf 41
bhj-cdf 1
236
6
bdf-cdg 1
eif-cdg 1
cid-cdg 1
gcf-cdg 1
dff-cdg 38
bfjd-cdg 1
237
3
gd-cdh 1
gfd-cdh 1
bbja-cdh 33
238
4
deb-cdi 1
jbc-cdi 1
j-cdi 9
beha-cdi 27
239
3
chh-cdj 1
ega-cdj 17
hgg-cdj 3
240
7
if-cea 1
be-cea 1
cfi-cea 1
cac-cea 1
gbi-cea 1
jaj-cea 12
che-cea 17
241
6
bch-ceb 1
cii-ceb 1
dfe-ceb 1
bfj-ceb 1
dhh-ceb 1
bdea-ceb 21
242
4
bdg-cec 2
bbc-cec 1
bajb-cec 10
bad-cec 4
243
3
cah-ced 3
efg-ced 1
bbgc-ced 17
244
3
eej-cee 5
jhc-cee 1
ic-cee 12
245
4
dab-cef 6
bfi-cef 10
bbec-cef 1
bha-cef 11
246
4
bfa-ceg 1
cah-ceg 7
iag-ceg 6
gdg-ceg 6
247
4
bje-ceh 1
cic-ceh 1
eeg-ceh 2
gdd-ceh 2
248
5
bfb-cei 1
dgf-cei 2
ehj-cei 1
ddf-cei 1
fhi-cei 3
249
8
bda-cej 1
ef-cej 1
dif-cej 2
gig-cej 1
jej-cej 1
bbee-cej 5
bbeg-cej 5
bh-cej 30
250
5
eb-cfa 1
hdi-cfa 1
ice-cfa 3
bdhb-cfa 22
gei-cfa 9
251
7
fc-cfb 1
fgg-cfb 3
g-cfb 4
cea-cfb 2
gje-cfb 3
baga-cfb 2
fhe-cfb 8
252
3
eca-cfc 1
gef-cfc 5
ieg-cfc 2
253
6
ccg-cfd 2
cje-cfd 4
geb-cfd 4
a-cfd 1
bchd-cfd 15
bcdh-cfd 2
254
2
jf-cfe 2
ijc-cfe 11
255
5
egj-cff 1
hjf-cff 1
bafc-cff 7
hda-cff 3
ejg-cff 15
256
4
ej-cfg 15
gic-cfg 6
bbdg-cfg 26
bfdb-cfg 12
257
7
baj-cfh 1
bee-cfh 1
gbg-cfh 1
cid-cfh 1
fjh-cfh 1
bbee-cfh 1
cie-cfh 41
258
5
eec-cfi 2
chd-cfi 2
badf-cfi 2
bcfi-cfi 4
dhi-cfi 13
259
6
bd-cfj 1
beb-cfj 4
fh-cfj 1
dib-cfj 1
efb-cfj 1
cfi-cfj 19
260
7
dh-cga 1
chf-cga 2
cah-cga 1
cgd-cga 1
bhb-cga 3
chj-cga 1
bcjf-cga 15
261
5
dch-cgb 1
dhd-cgb 1
gdf-cgb 3
deb-cgb 4
da-cgb 15
262
6
fji-cgc 2
hdb-cgc 2
cdb-cgc 1
ica-cgc 6
ee-cgc 2
hfc-cgc 5
263
6
dcj-cgd 2
dcf-cgd 18
bec-cgd 2
bafi-cgd 3
bafd-cgd 8
bajg-cgd 1
264
6
fh-cge 1
ea-cge 1
cci-cge 2
bfc-cge 8
hai-cge 1
bba-cge 4
265
5
dej-cgf 3
fcc-cgf 6
gie-cgf 1
ibe-cgf 1
bgbh-cgf 22
266
5
bii-cgg 1
bdh-cgg 2
fhc-cgg 10
dib-cgg 1
bgae-cgg 2
267
5
hif-cgh 1
cag-cgh 1
babb-cgh 1
bdhc-cgh 23
hc-cgh 1
268
5
daf-cgi 1
djh-cgi 1
fdh-cgi 5
ia-cgi 1
baaa-cgi 43
269
4
eag-cgj 6
dgg-cgj 1
fei-cgj 2
ifi-cgj 8
270
6
dcb-cha 6
bhi-cha 1
dhj-cha 3
egj-cha 5
gfh-cha 4
ged-cha 8
271
3
eci-chb 2
fff-chb 6
bcbi-chb 16
272
5
fjc-chc 1
hba-chc 1
jfb-chc 1
jhd-chc 7
bbfj-chc 9
273
4
dfj-chd 1
ebh-chd 1
cjc-chd 1
bfbg-chd 23
274
4
dbj-che 1
eah-che 1
dej-che 1
befj-che 29
275
5
did-chf 1
ehb-chf 1
hfb-chf 1
fch-chf 2
eca-chf 52
276
4
fc-chg 1
hja-chg 2
iab-chg 6
edh-chg 4
277
4
ca-chh 1
ddj-chh 1
cid-chh 1
cbb-chh 1
278
6
cee-chi 1
ibj-chi 1
hga-chi 1
bbea-chi 4
bbc-chi 29
jeh-chi 1
279
6
dia-chj 1
fg-chj 2
bgh-chj 1
jg-chj 1
fjd-chj 1
hhi-chj 6
280
4
eie-cia 5
jej-cia 4
cce-cia 1
jj-cia 2
281
5
eha-cib 19
hh-cib 1
bdhh-cib 11
bcce-cib 2
bdhb-cib 3
282
5
bbi-cic 1
igc-cic 1
ifd-cic 1
jce-cic 1
dhi-cic 11
283
11
bdh-cid 2
dfa-cid 1
ehb-cid 3
fcf-cid 4
ebi-cid 2
fic-cid 1
dfd-cid 2
bii-cid 1
hgg-cid 2
cjb-cid 22
cab-cid 4
284
3
bih-cie 1
gg-cie 11
jfi-cie 29
285
8
dcb-cif 1
dgb-cif 1
dae-cif 2
gfe-cif 1
idd-cif 1
baed-cif 1
bbai-cif 1
bcja-cif 33
286
6
eef-cig 1
dge-cig 1
hbj-cig 5
hdd-cig 1
hai-cig 1
bbac-cig 1
287
2
cda-cih 1
icg-cih 9
288
6
cah-cii 2
dad-cii 2
gbi-cii 4
gc-cii 1
ggd-cii 5
baha-cii 25
289
4
bgi-cij 1
cch-cij 1
dgf-cij 7
ch-cij 3
290
6
ead-cja 4
ehg-cja 5
dge-cja 1
hcj-cja 8
ija-cja 2
bcaa-cja 7
291
4
eei-cjb 1
jbi-cjb 3
bagh-cjb 2
beba-cjb 23
292
4
db-cjc 1
bada-cjc 4
bcih-cjc 2
bfgi-cjc 26
293
2
eje-cjd 3
bdaa-cjd 13
294
3
bbi-cje 5
cea-cje 8
fje-cje 1
295
3
egf-cjf 1
cgb-cjf 2
dba-cjf 3
296
1
cgb-cjg 2
297
5
dci-cjh 1
da-cjh 2
hhf-cjh 2
jfd-cjh 4
he-cjh 1
298
6
bee-cji 1
id-cji 2
hbd-cji 2
dbj-cji 1
bdcg-cji 1
bdce-cji 18
299
6
cc-cjj 1
bgh-cjj 1
fci-cjj 1
bcie-cjj 1
bfeb-cjj 6
jah-cjj 27
300
6
fh-daa 1
ih-daa 1
edd-daa 1
bfde-daa 11
bbhc-daa 10
jjb-daa 4
301
6
ede-dab 1
hi-dab 30
icf-dab 1
cjh-dab 1
bace-dab 1
bef-dab 3
302
5
de-dac 1
bgi-dac 3
fgc-dac 2
dce-dac 6
iid-dac 5
303
4
dab-dad 1
gfe-dad 5
gcb-dad 2
gfd-dad 14
304
4
ebf-dae 1
baaa-dae 1
fce-dae 3
bcib-dae 31
305
7
cha-daf 1
bdag-daf 1
bddb-daf 1
fbb-daf 6
jae-daf 1
badi-daf 12
bdcb-daf 12
306
3
eb-dag 1
jg-dag 1
hcd-dag 5
307
4
cgi-dah 1
ihj-dah 2
ggg-dah 6
ehc-dah 6
308
6
dhc-dai 1
chh-dai 1
ebd-dai 1
bafa-dai 7
ejb-dai 2
bchi-dai 13
309
6
dce-daj 5
ebb-daj 1
fae-daj 1
fhj-daj 2
dhe-daj 1
geh-daj 9
310
3
bff-dba 2
gdh-dba 2
hhj-dba 22
311
4
dfc-dbb 1
eaa-dbb 45
dgi-dbb 1
cjb-dbb 1
312
2
dah-dbc 8
hca-dbc 16
313
5
bfg-dbd 1
bbg-dbd 1
ceg-dbd 1
bdjf-dbd 3
gcb-dbd 15
314
3
dfh-dbe 2
dac-dbe 2
bcaf-dbe 28
315
7
gdc-dbf 1
ei-dbf 1
dac-dbf 1
eid-dbf 1
bbcb-dbf 1
baad-dbf 1
gib-dbf 29
316
3
dab-dbg 1
ffg-dbg 1
iag-dbg 21
317
5
cid-dbh 1
cdb-dbh 2
caa-dbh 2
gfj-dbh 1
fha-dbh 19
318
5
ch-dbi 2
eia-dbi 2
fah-dbi 2
edd-dbi 9
bcaa-dbi 6
319
6
cgb-dbj 1
cg-dbj 1
dad-dbj 4
gjf-dbj 4
dhd-dbj 10
bb-dbj 3
320
5
badg-dca 1
jbi-dca 16
bda-dca 3
bdii-dca 5
a-dca 1
321
6
efg-dcb 4
gbj-dcb 2
eda-dcb 10
gad-dcb 12
jia-dcb 1
fi-dcb 3
322
9
eie-dcc 1
chf-dcc 9
cdd-dcc 1
di-dcc 13
ddf-dcc 2
jah-dcc 16
heg-dcc 3
fbb-dcc 1
gdi-dcc 1
323
4
gjc-dcd 1
cg-dcd 4
cfg-dcd 3
gda-dcd 2
324
4
bcg-dce 1
cce-dce 1
jef-dce 14
ebg-dce 4
325
5
bhe-dcf 3
fce-dcf 2
fea-dcf 4
cgb-dcf 6
bbja-dcf 26
326
3
cd-dcg 1
dca-dcg 13
jjj-dcg 1
327
5
cjc-dch 1
eca-dch 1
dh-dch 1
bdgc-dch 2
jai-dch 21
328
5
ehi-dci 6
cge-dci 2
ddg-dci 4
bcef-dci 13
dae-dci 4
329
5
bde-dcj 1
dhd-dcj 1
dbj-dcj 1
jcg-dcj 21
begb-dcj 3
330
4
dai-dda 3
cea-dda 1
bjj-dda 6
fjj-dda 1
331
6
cjb-ddb 1
ddd-ddb 2
eig-ddb 1
bcea-ddb 2
bdge-ddb 5
bbdj-ddb 2
332
5
beg-ddc 2
ia-ddc 1
bja-ddc 6
dac-ddc 3
bfjb-ddc 17
333
4
bci-ddd 2
gfa-ddd 1
hed-ddd 1
beef-ddd 13
334
9
ehd-dde 1
ejf-dde 2
gaa-dde 1
bbj-dde 2
ghh-dde 23
dbe-dde 2
fbe-dde 2
ifj-dde 1
d-dde 15
335
7
chf-ddf 1
jh-ddf 1
bei-ddf 1
id-ddf 3
eij-ddf 15
eb-ddf 6
fcf-ddf 13
336
3
cdi-ddg 3
eid-ddg 17
cgc-ddg 3
337
4
ech-ddh 2
ef-ddh 2
edi-ddh 1
baa-ddh 16
338
6
cfa-ddi 2
ehd-ddi 5
fib-ddi 1
bjc-ddi 1
ef-ddi 4
jja-ddi 1
339
6
ehi-ddj 1
ecg-ddj 16
ccd-ddj 1
ihj-ddj 2
dia-ddj 1
haa-ddj 16
340
6
dia-dea 2
bgi-dea 2
ejd-dea 17
edh-dea 4
ief-dea 14
ebe-dea 2
341
6
hjc-deb 1
hha-deb 1
fei-deb 1
hfg-deb 1
cbi-deb 14
hgj-deb 3
342
5
ba-dec 1
fdc-dec 2
bg-dec 1
bcgh-dec 4
bfg-dec 15
343
5
ihf-ded 8
gij-ded 13
bdbb-ded 1
ddc-ded 1
jab-ded 1
344
5
fhb-dee 1
dhc-dee 1
dej-dee 1
fji-dee 5
cia-dee 3
345
3
ceb-def 1
jfi-def 19
bajh-def 2
346
6
cdh-deg 1
cfb-deg 2
eec-deg 5
hia-deg 6
bceg-deg 1
fhd-deg 15
347
4
gcf-deh 1
ifa-deh 2
iji-deh 4
dj-deh 5
348
2
gjc-dei 1
fif-dei 3
349
4
dif-dej 1
babg-dej 1
bcah-dej 36
fda-dej 1
350
5
fie-dfa 8
hab-dfa 6
bfb-dfa 4
eai-dfa 3
ege-dfa 8
351
3
bde-dfb 1
ehb-dfb 2
e-dfb 19
352
7
ddc-dfc 2
cjc-dfc 1
eb-dfc 3
ghb-dfc 1
ca-dfc 4
fgj-dfc 7
fgg-dfc 3
353
6
bga-dfd 2
da-dfd 3
gcb-dfd 1
bbae-dfd 1
bfcc-dfd 3
idj-dfd 23
354
4
ii-dfe 3
badc-dfe 1
ejd-dfe 2
baac-dfe 14
355
5
jha-dff 1
ife-dff 1
hii-dff 24
gie-dff 9
heg-dff 1
356
3
cdj-dfg 1
dhf-dfg 1
eib-dfg 21
357
5
hg-dfh 1
fhb-dfh 11
bbcb-dfh 7
fee-dfh 10
beci-dfh 7
358
3
hgh-dfi 35
baac-dfi 1
egd-dfi 5
359
3
eb-dfj 2
ejd-dfj 1
bbah-dfj 19
360
5
g-dga 1
dgi-dga 1
fff-dga 4
cb-dga 1
bcdg-dga 15
361
2
cad-dgb 1
bcae-dgb 15
362
6
bc-dgc 1
c-dgc 1
jic-dgc 9
fib-dgc 11
jja-dgc 1
bdbb-dgc 1
363
9
cbc-dgd 1
ebc-dgd 1
bfa-dgd 2
feh-dgd 1
ifg-dgd 1
badi-dgd 5
bajj-dgd 4
bbjf-dgd 10
ifb-dgd 3
364
6
ifc-dge 1
dc-dge 4
hcj-dge 2
bccf-dge 13
ef-dge 2
beaa-dge 3
365
4
dhf-dgf 1
jfj-dgf 1
bbba-dgf 19
bffd-dgf 2
366
3
dce-dgg 1
bg-dgg 3
bced-dgg 3
367
2
dff-dgh 1
idi-dgh 15
368
5
cgg-dgi 1
deb-dgi 11
bbf-dgi 2
ibf-dgi 4
ceb-dgi 1
369
4
gg-dgj 13
bea-dgj 4
bcab-dgj 4
ghb-dgj 1
370
4
dij-dha 2
ecg-dha 1
jhi-dha 1
dji-dha 2
371
3
ebh-dhb 11
d-dhb 4
bajb-dhb 7
372
7
dfg-dhc 1
ccd-dhc 1
dbg-dhc 29
bbce-dhc 3
jii-dhc 2
bdab-dhc 3
bbed-dhc 1
373
6
cdi-dhd 2
fhc-dhd 1
hfh-dhd 1
ije-dhd 4
baeg-dhd 17
dgh-dhd 13
374
6
dca-dhe 3
ieg-dhe 2
bbhi-dhe 16
ehb-dhe 1
bbii-dhe 9
bbhb-dhe 5
375
5
cjd-dhf 2
bcf-dhf 1
ebj-dhf 5
ich-dhf 1
baga-dhf 23
376
4
bfe-dhg 6
ida-dhg 3
beab-dhg 1
begf-dhg 1
377
5
dgf-dhh 5
bbb-dhh 3
bbh-dhh 5
bdac-dhh 9
gbg-dhh 2
378
6
ebh-dhi 1
fhf-dhi 2
fjf-dhi 2
bbbb-dhi 1
bcab-dhi 1
ihg-dhi 19
379
7
fce-dhj 1
idc-dhj 1
idf-dhj 7
ecj-dhj 1
begh-dhj 2
icc-dhj 3
ddj-dhj 19
380
4
bdc-dia 1
jcc-dia 1
hge-dia 1
ecg-dia 27
381
4
cfd-dib 3
bgg-dib 2
dhj-dib 8
ffd-dib 1
382
8
hc-dic 1
dih-dic 1
fh-dic 4
ebi-dic 4
hhd-dic 4
jff-dic 3
edj-dic 14
bbgj-dic 1
383
6
bab-did 4
ccj-did 1
dhg-did 3
hid-did 2
bgj-did 2
eii-did 1
384
6
dci-die 1
fig-die 1
fea-die 2
jeb-die 1
baag-die 24
fac-die 8
385
1
bbdh-dif 9
386
3
edj-dig 4
fcd-dig 16
hih-dig 3
387
2
bbjg-dih 3
fdg-dih 7
388
2
bage-dii 13
bdeg-dii 6
389
5
cga-dij 1
eai-dij 1
ici-dij 23
bacf-dij 1
hhe-dij 2
390
2
bhe-dja 2
bdhi-dja 2
391
2
eee-djb 2
jjj-djb 23
392
3
dba-djc 3
ddi-djc 3
jaj-djc 11
393
6
cie-djd 4
ceb-djd 1
jdd-djd 1
jif-djd 1
ifd-djd 4
bejh-djd 4
394
7
he-dje 1
bbj-dje 2
dbi-dje 1
hag-dje 1
dbh-dje 1
ddc-dje 1
beaj-dje 28
395
2
di-djf 1
eha-djf 1
396
7
baa-djg 2
cji-djg 2
bcc-djg 1
jbc-djg 1
hca-djg 7
efi-djg 6
bceg-djg 4
397
9
bdh-djh 1
djb-djh 1
bif-djh 1
ebi-djh 8
gai-djh 1
gdg-djh 2
cjc-djh 17
bdef-djh 8
beca-djh 3
398
4
cha-dji 3
cic-dji 2
hhj-dji 7
bahj-dji 2
399
6
caj-djj 1
egi-djj 1
dec-djj 4
dda-djj 1
bbc-djj 9
jib-djj 11
400
7
bif-eaa 1
ghi-eaa 1
hbg-eaa 1
bee-eaa 25
eji-eaa 1
jbb-eaa 1
hjj-eaa 3
401
4
fh-eab 1
chi-eab 3
bdha-eab 3
bbga-eab 23
402
5
bcc-eac 1
big-eac 1
bagg-eac 2
cej-eac 28
jhi-eac 1
403
4
chj-ead 1
dce-ead 3
caf-ead 10
dj-ead 1
404
7
fhi-eae 1
gai-eae 1
fed-eae 1
edd-eae 1
gdc-eae 1
icb-eae 29
bic-eae 1
405
4
jc-eaf 3
ghj-eaf 1
fde-eaf 3
fgj-eaf 5
406
5
ca-eag 2
hea-eag 4
gff-eag 13
cfa-eag 1
hgb-eag 2
407
5
cgd-eah 1
eca-eah 1
gdj-eah 1
bcaj-eah 1
bbcf-eah 26
408
4
efh-eai 1
ffa-eai 1
be-eai 1
bbec-eai 15
409
4
eae-eaj 1
dfj-eaj 1
jfa-eaj 1
beec-eaj 17
410
6
cee-eba 1
feb-eba 1
bjj-eba 1
gih-eba 1
bif-eba 20
bebc-eba 1
411
7
ebg-ebb 1
fac-ebb 1
fff-ebb 3
beb-ebb 3
ggb-ebb 2
iij-ebb 11
ffd-ebb 10
412
3
ecb-ebc 1
baej-ebc 3
bjg-ebc 1
413
8
cag-ebd 1
cbb-ebd 1
ejb-ebd 1
had-ebd 1
dgi-ebd 2
bcce-ebd 2
bdae-ebd 13
badb-ebd 10
414
6
dgb-ebe 1
ceb-ebe 1
hfg-ebe 1
df-ebe 8
bfhc-ebe 6
ebb-ebe 5
415
4
bfd-ebf 1
bge-ebf 1
ijf-ebf 3
fhf-ebf 2
416
3
dcf-ebg 2
fga-ebg 3
ghg-ebg 1
417
4
daf-ebh 1
hdg-ebh 1
bahf-ebh 1
icg-ebh 30
418
3
ebd-ebi 1
ebc-ebi 1
hfe-ebi 9
419
5
ghd-ebj 1
ehi-ebj 4
igf-ebj 1
djj-ebj 5
jgc-ebj 16
420
5
dhi-eca 1
dbf-eca 1
jff-eca 1
jga-eca 20
eh-eca 2
421
2
daj-ecb 1
bchc-ecb 12
422
10
cd-ecc 1
edi-ecc 1
ejd-ecc 1
jc-ecc 1
idf-ecc 1
gce-ecc 1
babd-ecc 1
fbe-ecc 1
bdie-ecc 1
bdch-ecc 20
423
3
fba-ecd 1
jfj-ecd 24
dha-ecd 1
424
4
ecd-ece 1
eaa-ece 10
ici-ece 2
eeh-ece 1
425
6
dh-ecf 1
eed-ecf 1
dgb-ecf 2
dc-ecf 1
cib-ecf 2
beh-ecf 17
426
3
dfa-ecg 1
bcca-ecg 18
fbc-ecg 1
427
5
fcf-ech 1
dbh-ech 1
bajd-ech 1
jjc-ech 1
hcd-ech 20
428
4
dh-eci 1
cei-eci 1
hcg-eci 13
jac-eci 5
429
3
gbj-ecj 2
fbc-ecj 4
ihi-ecj 11
430
7
dgb-eda 1
eai-eda 1
hbd-eda 1
igj-eda 1
dhf-eda 19
bbdb-eda 7
bdcg-eda 3
431
7
ff-edb 1
fb-edb 2
eci-edb 1
gec-edb 3
jj-edb 5
iia-edb 2
gdd-edb 10
432
5
bhb-edc 1
dci-edc 1
ggi-edc 1
baa-edc 6
ihi-edc 4
433
6
bai-edd 1
dfa-edd 1
ebd-edd 1
gag-edd 1
cbe-edd 14
bdh-edd 3
434
4
ejb-ede 1
ffi-ede 3
jbb-ede 2
jh-ede 20
435
6
ci-edf 1
dic-edf 1
hba-edf 24
bdfe-edf 3
fah-edf 1
bdag-edf 3
436
6
bgd-edg 1
ddc-edg 1
ggd-edg 6
jgh-edg 7
cde-edg 9
ie-edg 3
437
5
dah-edh 1
cfj-edh 1
bbgb-edh 20
hcd-edh 3
beb-edh 1
438
9
ccg-edi 1
cfj-edi 1
eja-edi 6
gah-edi 3
gie-edi 6
egf-edi 7
bjd-edi 2
bda-edi 2
baib-edi 3
439
3
cfb-edj 1
egj-edj 1
egf-edj 15
440
4
djh-eea 1
gcc-eea 4
igj-eea 1
bgj-eea 4
441
4
dec-eeb 3
hgh-eeb 9
bab-eeb 2
hei-eeb 5
442
4
cbe-eec 1
bha-eec 2
hci-eec 10
dge-eec 10
443
4
iaa-eed 24
jhc-eed 1
gcd-eed 1
fcg-eed 4
444
3
fgi-eee 4
idg-eee 11
chb-eee 1
445
5
dej-eef 1
bdg-eef 17
jad-eef 1
bie-eef 1
bdcd-eef 1
446
6
dji-eeg 4
chg-eeg 1
cfe-eeg 2
dcc-eeg 2
bfc-eeg 7
badg-eeg 2
447
3
bcc-eeh 1
fbd-eeh 2
gbb-eeh 6
448
5
ejc-eei 1
fii-eei 1
bih-eei 1
haj-eei 1
beed-eei 29
449
4
chc-eej 1
bbif-eej 2
bcag-eej 3
bcih-eej 8
450
7
ii-efa 1
dhd-efa 1
egc-efa 1
cbb-efa 1
jia-efa 13
bccg-efa 5
hch-efa 14
451
3
eib-efb 2
ehc-efb 10
bbgj-efb 2
452
4
bhh-efc 3
fdg-efc 2
ehd-efc 11
hd-efc 1
453
4
bbc-efd 1
igj-efd 1
iac-efd 1
fei-efd 13
454
2
ija-efe 1
bcdb-efe 12
455
5
hgf-eff 2
jge-eff 2
bbed-eff 1
bjf-eff 29
fff-eff 1
456
5
daf-efg 1
fii-efg 1
bcad-efg 17
bbj-efg 1
iib-efg 13
457
7
dci-efh 1
fde-efh 1
ibb-efh 1
bbeg-efh 1
ded-efh 11
iic-efh 13
igc-efh 5
458
3
eed-efi 2
icc-efi 1
eec-efi 11
459
6
efe-efj 3
gde-efj 3
fhc-efj 3
fje-efj 1
bbfa-efj 8
bbca-efj 7
460
8
cgd-ega 1
icf-ega 1
bja-ega 31
bbac-ega 1
cbg-ega 1
feh-ega 4
bac-ega 4
jca-ega 4
461
6
efi-egb 1
fdb-egb 1
cdg-egb 1
hic-egb 2
jg-egb 1
bcdf-egb 15
462
2
ddc-egc 3
ccj-egc 1
463
4
bbf-egd 1
ebd-egd 1
bdhg-egd 1
cfa-egd 17
464
6
ecb-ege 5
fdb-ege 3
bg-ege 1
dbb-ege 2
dib-ege 2
ifi-ege 7
465
4
cha-egf 1
eae-egf 6
ifd-egf 12
fge-egf 4
466
5
die-egg 2
eaj-egg 5
ed-egg 1
jia-egg 3
idd-egg 7
467
3
gah-egh 1
cii-egh 1
iid-egh 10
468
4
cdi-egi 2
hef-egi 5
efa-egi 2
ghc-egi 1
469
6
ij-egj 1
dbi-egj 3
ibi-egj 1
jj-egj 3
baih-egj 5
jdg-egj 14
470
6
bjj-eha 1
eid-eha 1
bbi-eha 1
bcbi-eha 1
cgh-eha 21
fgd-eha 1
471
4
bfc-ehb 1
bj-ehb 1
fei-ehb 1
hib-ehb 24
472
2
cdh-ehc 3
iad-ehc 10
473
4
dfd-ehd 1
hjj-ehd 1
bffb-ehd 1
hcb-ehd 15
474
4
di-ehe 1
hje-ehe 1
ibh-ehe 9
bebj-ehe 2
475
5
caa-ehf 1
fag-ehf 2
hgh-ehf 3
cac-ehf 1
jgj-ehf 3
476
5
ddb-ehg 1
cgg-ehg 1
hda-ehg 3
edf-ehg 25
bdgh-ehg 4
477
5
dad-ehh 1
dcc-ehh 1
gcc-ehh 1
had-ehh 1
ecf-ehh 14
478
3
fef-ehi 1
bbeg-ehi 2
jfd-ehi 26
479
4
hbj-ehj 5
baeh-ehj 1
bcgj-ehj 11
eci-ehj 6
480
5
ddb-eia 3
efb-eia 1
bfa-eia 3
efc-eia 2
cjj-eia 2
481
4
dg-eib 2
bbbe-eib 3
bcji-eib 1
iih-eib 16
482
5
ebb-eic 1
fhi-eic 1
bdfb-eic 15
befh-eic 1
bfef-eic 6
483
6
hc-eid 3
bdg-eid 7
fbg-eid 1
ejg-eid 1
bddi-eid 3
bfhj-eid 11
484
5
gbb-eie 15
baf-eie 2
gcf-eie 2
bbaf-eie 1
ffj-eie 10
485
4
djj-eif 1
daa-eif 2
fdf-eif 7
hac-eif 1
486
4
ede-eig 2
edi-eig 5
fdf-eig 3
bfeh-eig 9
487
5
efh-eih 2
cag-eih 3
jc-eih 1
ifi-eih 4
daa-eih 2
488
4
bgb-eii 2
cfd-eii 1
fij-eii 1
bfdi-eii 13
489
5
bje-eij 1
dfg-eij 3
ief-eij 3
dcc-eij 5
jae-eij 15
490
3
iaj-eja 3
hej-eja 1
babi-eja 13
491
3
cdi-ejb 1
ibd-ejb 7
bhc-ejb 3
492
6
eia-ejc 1
daj-ejc 2
hgb-ejc 2
bcbe-ejc 13
gji-ejc 1
ggd-ejc 5
493
2
iic-ejd 1
ige-ejd 12
494
6
bfj-eje 6
gic-eje 3
ebj-eje 5
cif-eje 4
ege-eje 3
iei-eje 10
495
3
bgb-ejf 1
ecf-ejf 1
bfja-ejf 19
496
4
eb-ejg 1
ghb-ejg 1
feg-ejg 8
chd-ejg 5
497
4
bbi-ejh 1
egb-ejh 2
iaa-ejh 1
idi-ejh 1
498
5
cgh-eji 4
cdd-eji 3
dih-eji 2
hfb-eji 5
d-eji 6
499
2
chf-ejj 26
hif-ejj 2
500
5
dfb-faa 1
deg-faa 1
dhg-faa 1
ice-faa 7
bbba-faa 3
501
2
dbf-fab 2
dda-fab 1
502
5
cbh-fac 1
cbi-fac 3
hdh-fac 2
bbii-fac 13
hbc-fac 7
503
6
dih-fad 1
cfh-fad 1
iej-fad 2
baei-fad 18
bdjg-fad 3
fgd-fad 5
504
4
fej-fae 1
fje-fae 1
bdia-fae 6
baba-fae 19
505
3
ice-faf 1
bcja-faf 5
hid-faf 4
506
5
hcd-fag 1
jif-fag 1
ggd-fag 1
dbf-fag 27
bahb-fag 1
507
2
bjf-fah 1
jbj-fah 3
508
5
bcj-fai 1
eff-fai 1
gdj-fai 1
fdh-fai 17
badj-fai 3
509
6
fgi-faj 1
ghi-faj 1
iii-faj 2
bhe-faj 8
ga-faj 2
ggb-faj 8
510
4
cdi-fba 1
bge-fba 1
dii-fba 1
bbdb-fba 26
511
5
fic-fbb 1
fid-fbb 2
geh-fbb 1
jih-fbb 2
jgi-fbb 29
512
4
eeg-fbc 4
fej-fbc 3
ejh-fbc 3
baag-fbc 4
513
5
bih-fbd 5
eai-fbd 1
hej-fbd 3
ejj-fbd 1
jhc-fbd 6
514
3
fgi-fbe 2
bajc-fbe 1
bceh-fbe 13
515
1
jbh-fbf 6
516
2
edb-fbg 4
dff-fbg 2
517
6
fdh-fbh 9
fgb-fbh 3
hca-fbh 1
ib-fbh 1
bc-fbh 3
bcjg-fbh 2
518
5
cfg-fbi 1
eah-fbi 2
dcc-fbi 1
bjb-fbi 8
ebf-fbi 6
519
6
hb-fbj 1
fdc-fbj 1
fch-fbj 1
ieg-fbj 1
beig-fbj 1
hdc-fbj 16
520
5
dce-fca 1
gaj-fca 13
bcie-fca 1
bccg-fca 8
jib-fca 3
521
5
bhb-fcb 1
fij-fcb 1
h-fcb 1
bcdf-fcb 21
hbb-fcb 3
522
4
gbd-fcc 1
gic-fcc 1
fjh-fcc 1
bfca-fcc 13
523
4
cae-fcd 1
ghf-fcd 1
hib-fcd 1
cba-fcd 27
524
3
gjh-fce 1
baec-fce 12
gia-fce 3
525
7
ejd-fcf 1
ehe-fcf 17
ebi-fcf 3
bff-fcf 2
cgf-fcf 1
cce-fcf 1
baib-fcf 6
526
4
bcah-fcg 1
eig-fcg 1
gcc-fcg 32
bbe-fcg 1
527
8
ecb-fch 10
fcf-fch 3
hfc-fch 1
eae-fch 11
cjb-fch 1
beaj-fch 4
bfgh-fch 1
bcee-fch 8
528
8
fhg-fci 1
bjf-fci 1
iba-fci 10
dfd-fci 1
dei-fci 2
iei-fci 1
dfh-fci 14
bbea-fci 6
529
6
egd-fcj 1
ffb-fcj 2
ghc-fcj 2
fcg-fcj 1
hge-fcj 2
heb-fcj 1
530
6
bhj-fda 1
edf-fda 3
gca-fda 1
bhi-fda 4
cfd-fda 5
bbbd-fda 7
531
5
ccf-fdb 1
ffg-fdb 1
eha-fdb 20
bcga-fdb 1
def-fdb 2
532
6
dad-fdc 1
cif-fdc 5
eg-fdc 1
bbjb-fdc 2
dhh-fdc 3
bahi-fdc 14
533
9
bei-fdd 1
baei-fdd 15
baif-fdd 1
edd-fdd 16
dfb-fdd 1
bfie-fdd 1
hid-fdd 3
bfha-fdd 3
eaf-fdd 2
534
3
egb-fde 3
fih-fde 1
jj-fde 3
535
6
fbj-fdf 1
cgg-fdf 1
gdc-fdf 3
bade-fdf 1
fdg-fdf 2
ibe-fdf 13
536
5
bhi-fdg 1
gje-fdg 2
gbh-fdg 2
bach-fdg 11
bdhg-fdg 5
537
7
cjd-fdh 1
ffa-fdh 2
hjd-fdh 1
deb-fdh 25
cdc-fdh 2
gf-fdh 1
bcjh-fdh 1
538
2
bh-fdi 1
jii-fdi 6
539
2
hbh-fdj 1
bdfh-fdj 15
540
5
caf-fea 1
bbia-fea 8
bceb-fea 3
bdcd-fea 8
ee-fea 1
541
6
hgh-feb 1
ibd-feb 3
ih-feb 1
dfh-feb 3
cid-feb 1
ieb-feb 24
542
3
ffe-fec 1
bfcg-fec 20
bfij-fec 2
543
5
eac-fed 1
fdh-fed 1
bbhb-fed 7
fjd-fed 1
hdi-fed 22
544
5
fff-fee 2
be-fee 1
ihf-fee 6
bbaa-fee 12
ecb-fee 7
545
5
dfe-fef 1
bbfh-fef 1
bdad-fef 1
bfdg-fef 15
je-fef 3
546
6
bd-feg 1
ihh-feg 1
bi-feg 1
hgh-feg 19
bcgj-feg 1
ijc-feg 1
547
5
bch-feh 1
bbdc-feh 1
hei-feh 2
chc-feh 1
djg-feh 15
548
6
fbi-fei 1
dbc-fei 1
ffc-fei 1
eeg-fei 1
bcgi-fei 1
begd-fei 20
549
4
eji-fej 1
gcg-fej 4
hhe-fej 3
dfe-fej 4
550
5
df-ffa 1
dce-ffa 1
gch-ffa 6
idb-ffa 14
bfef-ffa 8
551
7
dab-ffb 13
cbd-ffb 1
gda-ffb 1
ica-ffb 7
i-ffb 2
jfe-ffb 2
cfd-ffb 2
552
4
bdj-ffc 2
ejg-ffc 1
bgc-ffc 3
hbb-ffc 11
553
3
jaf-ffd 1
dij-ffd 22
eia-ffd 2
554
2
baba-ffe 4
hdc-ffe 9
555
7
edi-fff 2
chc-fff 1
fgj-fff 3
jbf-fff 3
baae-fff 5
baj-fff 3
hfd-fff 10
556
1
ffi-ffg 3
557
2
fja-ffh 1
e-ffh 19
558
5
fed-ffi 1
gaj-ffi 1
bcdd-ffi 3
cif-ffi 4
cdj-ffi 6
559
4
dfd-ffj 2
gih-ffj 2
gfi-ffj 11
baid-ffj 2
560
8
cie-fga 4
gei-fga 3
eae-fga 7
bdib-fga 1
ceb-fga 1
igi-fga 2
bbhg-fga 1
bhe-fga 21
561
3
eei-fgb 1
gff-fgb 12
dba-fgb 1
562
5
dbd-fgc 2
cjb-fgc 1
jad-fgc 1
dgd-fgc 1
bagf-fgc 19
563
6
dij-fgd 1
bie-fgd 1
ffa-fgd 1
fb-fgd 1
bfff-fgd 7
bfic-fgd 12
564
2
gjf-fge 18
ibf-fge 1
565
2
def-fgf 3
ha-fgf 7
566
2
bih-fgg 2
ice-fgg 3
567
3
dbh-fgh 3
jcf-fgh 5
jjf-fgh 2
568
4
eeh-fgi 1
bcbi-fgi 1
hjf-fgi 1
dfg-fgi 18
569
4
egh-fgj 1
bdc-fgj 1
gbh-fgj 1
ghj-fgj 18
570
3
bfi-fha 2
fhc-fha 13
bfig-fha 1
571
6
feb-fhb 1
hfe-fhb 1
bajf-fhb 1
beaa-fhb 1
bfcb-fhb 22
beeb-fhb 5
572
6
cba-fhc 1
bbi-fhc 1
hch-fhc 1
bfed-fhc 25
ijj-fhc 1
bgea-fhc 2
573
4
dgi-fhd 2
dea-fhd 2
cih-fhd 9
hic-fhd 7
574
5
dic-fhe 2
ebh-fhe 10
gge-fhe 3
hci-fhe 8
jbe-fhe 3
575
2
gad-fhf 6
ffb-fhf 2
576
4
da-fhg 2
fjc-fhg 8
jbb-fhg 1
bbfh-fhg 10
577
1
cba-fhh 2
578
4
bja-fhi 10
idd-fhi 1
jcb-fhi 5
bcgj-fhi 2
579
5
ii-fhj 6
fgf-fhj 1
gaj-fhj 2
fag-fhj 8
bgde-fhj 3
580
4
cdd-fia 1
bb-fia 1
gcc-fia 15
hga-fia 3
581
3
fgb-fib 9
bag-fib 1
gjb-fib 2
582
6
cif-fic 1
ifh-fic 1
ijd-fic 2
cea-fic 10
hgg-fic 1
bgaj-fic 20
583
6
fh-fid 1
cdd-fid 1
hh-fid 1
cih-fid 2
gif-fid 1
bbaa-fid 19
584
3
efe-fie 17
ffb-fie 1
bccf-fie 7
585
4
bbc-fif 1
ibj-fif 2
bfcg-fif 5
gge-fif 17
586
6
bjc-fig 1
gfa-fig 1
eib-fig 12
dec-fig 5
ejg-fig 4
bfj-fig 4
587
3
ed-fih 1
id-fih 3
bcc-fih 1
588
4
haf-fii 4
bagb-fii 8
gde-fii 5
bcfh-fii 5
589
3
fdf-fij 2
ebj-fij 6
bdfi-fij 2
590
3
cih-fja 1
bhf-fja 1
edj-fja 18
591
9
egg-fjb 1
gcg-fjb 1
cij-fjb 1
hc-fjb 1
caa-fjb 1
hae-fjb 11
cja-fjb 1
gef-fjb 13
bggb-fjb 1
592
5
dbg-fjc 1
baee-fjc 1
bcff-fjc 1
cie-fjc 31
hdf-fjc 5
593
2
ecc-fjd 1
cif-fjd 4
594
4
fba-fje 5
hdj-fje 1
hci-fje 6
bbac-fje 5
595
3
fhc-fjf 3
jhf-fjf 2
bahg-fjf 3
596
2
bhg-fjg 1
bcfe-fjg 8
597
6
fdf-fjh 1
ei-fjh 1
babb-fjh 1
ddd-fjh 1
baij-fjh 7
g-fjh 3
598
9
ejc-fji 2
ehf-fji 1
hh-fji 1
bgb-fji 1
iga-fji 8
cdf-fji 4
jbi-fji 9
bddi-fji 2
fij-fji 3
599
3
ddi-fjj 3
bbg-fjj 8
gj-fjj 3
600
4
gie-gaa 1
gjf-gaa 1
gbb-gaa 1
bacj-gaa 15
601
3
ca-gab 1
ejg-gab 1
gdh-gab 9
602
1
cca-gac 2
603
6
bf-gad 1
cdf-gad 1
bjc-gad 1
hij-gad 7
jjh-gad 2
bdfe-gad 13
604
7
ceb-gae 1
bd-gae 3
jci-gae 2
hca-gae 4
bfi-gae 11
eig-gae 1
ghc-gae 3
605
1
bjh-gaf 1
606
5
dgc-gag 2
dff-gag 1
bahg-gag 2
bcba-gag 1
jij-gag 3
607
5
cjc-gah 1
fac-gah 2
cdd-gah 1
ici-gah 1
iaf-gah 22
608
2
daa-gai 1
gff-gai 2
609
4
ccf-gaj 1
iae-gaj 1
bcde-gaj 3
di-gaj 10
610
5
gcb-gba 1
hgc-gba 1
bbge-gba 12
fdi-gba 1
bbib-gba 9
611
6
eja-gbb 8
efh-gbb 1
cgb-gbb 3
dhf-gbb 5
becb-gbb 1
bfjj-gbb 7
612
6
bbh-gbc 2
ga-gbc 1
baab-gbc 15
bej-gbc 1
bbhc-gbc 3
hb-gbc 2
613
4
gca-gbd 1
fcb-gbd 8
cg-gbd 2
bbcd-gbd 8
614
1
bgfd-gbe 9
615
4
fgd-gbf 4
bbeh-gbf 3
ccj-gbf 5
bdcf-gbf 5
616
4
dga-gbg 2
hhb-gbg 2
bbcb-gbg 3
dhh-gbg 7
617
3
dje-gbh 1
ejj-gbh 1
ff-gbh 9
618
7
ej-gbi 3
dbi-gbi 2
ifc-gbi 10
bacg-gbi 3
cfd-gbi 1
dib-gbi 1
bbeh-gbi 11
619
4
gch-gbj 2
eaa-gbj 1
jej-gbj 2
bbfi-gbj 20
620
7
ddd-gca 2
gfd-gca 2
hbg-gca 5
iid-gca 1
haj-gca 4
jig-gca 1
bbfc-gca 1
621
6
cab-gcb 7
bch-gcb 1
bafh-gcb 1
jca-gcb 1
bbbb-gcb 1
bfbd-gcb 13
622
8
iie-gcc 1
baad-gcc 3
gaj-gcc 1
bbii-gcc 1
ejb-gcc 1
bafc-gcc 6
cdh-gcc 18
baee-gcc 2
623
4
ja-gcd 1
egf-gcd 12
bbjd-gcd 2
bgbi-gcd 1
624
3
fai-gce 3
dhb-gce 1
bdfi-gce 1
625
3
daf-gcf 2
cgj-gcf 4
baii-gcf 4
626
4
chg-gcg 1
hgd-gcg 2
cce-gcg 1
ijg-gcg 14
627
5
eja-gch 1
cih-gch 2
ffb-gch 1
fjh-gch 2
bdc-gch 21
628
6
fdc-gci 1
gid-gci 1
ghh-gci 1
cea-gci 4
igb-gci 11
bga-gci 4
629
2
ebb-gcj 8
ged-gcj 2
630
2
bdcf-gda 2
ihh-gda 8
631
4
bdci-gdb 1
cb-gdb 1
bbg-gdb 1
eah-gdb 15
632
5
gbe-gdc 6
ifc-gdc 8
igj-gdc 2
babf-gdc 5
cah-gdc 4
633
4
dgb-gdd 4
hfi-gdd 2
efh-gdd 2
bcag-gdd 9
634
5
gah-gde 1
hed-gde 1
gba-gde 1
baeb-gde 20
cdd-gde 6
635
4
bhc-gdf 1
gfe-gdf 6
hjh-gdf 1
bchf-gdf 9
636
5
gfd-gdg 1
hag-gdg 3
bddj-gdg 21
db-gdg 1
bajh-gdg 4
637
4
if-gdh 1
iih-gdh 1
bdfd-gdh 1
jci-gdh 18
638
1
jcc-gdi 4
639
3
gjg-gdj 10
cei-gdj 1
dib-gdj 3
640
5
eaa-gea 2
jh-gea 1
cda-gea 1
dea-gea 7
edi-gea 7
641
5
eff-geb 1
fcb-geb 1
hfa-geb 2
hhd-geb 15
begg-geb 4
642
2
ffc-gec 2
ihd-gec 8
643
1
bdbj-ged 15
644
1
dda-gee 3
645
4
gij-gef 1
gfh-gef 1
dfi-gef 21
bdgj-gef 4
646
4
baaa-geg 1
cie-geg 4
gaj-geg 3
bfcj-geg 17
647
4
gah-geh 1
iai-geh 1
bjh-geh 1
jg-geh 12
648
4
iba-gei 6
daf-gei 10
eeb-gei 1
ffa-gei 3
649
5
bge-gej 1
gda-gej 1
hgi-gej 9
fec-gej 5
cab-gej 1
650
2
hbc-gfa 7
bgeg-gfa 9
651
4
g-gfb 1
jhj-gfb 12
gfj-gfb 1
bcbi-gfb 1
652
4
bcb-gfc 6
ccf-gfc 1
baha-gfc 6
bche-gfc 4
653
3
gch-gfd 5
hjb-gfd 1
bdbg-gfd 11
654
3
bif-gfe 1
hfa-gfe 1
baci-gfe 9
655
7
ehe-gff 1
bga-gff 1
egf-gff 1
jbi-gff 1
eci-gff 1
idi-gff 28
hh-gff 1
656
4
cef-gfg 1
chc-gfg 1
jaj-gfg 1
bahh-gfg 14
657
4
bi-gfh 1
ffb-gfh 3
iga-gfh 6
jaj-gfh 4
658
5
ech-gfi 1
ghc-gfi 1
jeh-gfi 1
becd-gfi 17
dbd-gfi 1
659
1
bdba-gfj 9
660
3
bhe-gga 11
hhe-gga 1
gbc-gga 1
661
4
bee-ggb 5
eae-ggb 10
igf-ggb 1
bej-ggb 1
662
2
id-ggc 3
bgae-ggc 7
663
4
djj-ggd 3
igd-ggd 2
cjh-ggd 1
jhh-ggd 16
664
9
eeb-gge 1
ehc-gge 1
gaj-gge 1
bdc-gge 2
beai-gge 1
ifg-gge 1
beg-gge 3
efd-gge 19
bfid-gge 2
665
5
feh-ggf 2
ibj-ggf 1
jfj-ggf 14
bcdj-ggf 2
hab-ggf 1
666
4
caf-ggg 1
bih-ggg 1
die-ggg 1
dij-ggg 12
667
1
cab-ggh 3
668
3
cbc-ggi 1
cgh-ggi 8
bfc-ggi 12
670
4
gdh-gha 9
ifc-gha 7
gii-gha 2
bfgj-gha 1
671
6
ccg-ghb 1
bbff-ghb 2
bbfg-ghb 9
idb-ghb 6
bgae-ghb 4
bgef-ghb 11
672
8
efi-ghc 1
fhi-ghc 3
fea-ghc 1
cib-ghc 4
jjf-ghc 1
begg-ghc 1
beid-ghc 16
bch-ghc 3
673
3
egj-ghd 10
bae-ghd 1
did-ghd 2
674
3
cji-ghe 2
ccb-ghe 2
ggg-ghe 4
675
1
ggb-ghf 6
676
4
fhb-ghg 11
dhh-ghg 1
cej-ghg 1
fdj-ghg 1
677
3
bacj-ghh 2
fdi-ghh 1
cbc-ghh 16
678
4
bge-ghi 1
cic-ghi 1
daf-ghi 10
hai-ghi 2
679
5
eig-ghj 1
fcd-ghj 1
fdb-ghj 1
hec-ghj 1
bcbc-ghj 14
680
4
ccg-gia 1
ied-gia 6
hbf-gia 7
egg-gia 8
681
3
ehj-gib 1
cic-gib 1
bbhf-gib 9
682
5
fed-gic 2
gge-gic 1
bjc-gic 1
bbga-gic 1
dhi-gic 15
683
2
ddg-gid 1
cjj-gid 9
684
3
iih-gie 17
ihe-gie 1
ici-gie 2
685
5
gdf-gif 1
bcdi-gif 1
bcig-gif 2
jea-gif 5
hge-gif 18
686
4
cec-gig 1
bbe-gig 1
gj-gig 1
ijf-gig 2
687
5
fic-gih 1
baai-gih 1
die-gih 2
bbfb-gih 1
badc-gih 13
688
3
cgf-gii 1
ib-gii 3
baab-gii 16
689
5
bei-gij 4
fgh-gij 1
ibd-gij 5
ehh-gij 2
ehf-gij 7
690
2
ecd-gja 12
bajc-gja 1
691
1
ebc-gjb 2
692
5
hg-gjc 1
ca-gjc 1
gbe-gjc 8
behb-gjc 7
hji-gjc 7
693
1
gad-gjd 5
694
4
b-gje 1
eca-gje 1
bhc-gje 10
bbdf-gje 2
695
3
dig-gjf 3
hdh-gjf 1
ieg-gjf 6
696
6
dci-gjg 1
bbic-gjg 4
bdda-gjg 5
behg-gjg 9
bfb-gjg 3
egg-gjg 3
697
3
cje-gjh 1
dfd-gjh 1
cbg-gjh 14
698
2
ghe-gji 2
bbgf-gji 1
699
4
cg-gjj 1
fbi-gjj 1
hhe-gjj 2
iii-gjj 13
700
4
bjj-haa 3
dg-haa 1
dbe-haa 2
bcea-haa 8
701
3
gc-hab 3
fij-hab 2
bcfg-hab 5
702
4
gid-hac 1
gdb-hac 7
eif-hac 1
bcbg-hac 4
703
1
iec-had 9
704
6
fac-hae 1
ije-hae 1
idb-hae 1
chi-hae 10
bbic-hae 10
hea-hae 2
705
5
gic-haf 1
bbcd-haf 1
jda-haf 15
cdd-haf 1
jji-haf 1
706
6
dfg-hag 3
dic-hag 2
hje-hag 10
bcgb-hag 3
beje-hag 1
ecj-hag 2
707
4
dcd-hah 1
ghg-hah 1
efj-hah 4
fda-hah 9
708
3
bfh-hai 1
hfh-hai 7
bce-hai 2
709
1
bdjj-haj 18
710
3
gee-hba 1
bega-hba 2
bdbi-hba 8
711
4
eee-hbb 1
cfb-hbb 3
cgj-hbb 2
fac-hbb 7
712
3
ffc-hbc 5
jdg-hbc 5
bdif-hbc 1
713
6
eij-hbd 1
iah-hbd 1
jjf-hbd 1
bei-hbd 2
bcbd-hbd 1
bdff-hbd 15
714
3
fji-hbe 2
edh-hbe 1
fc-hbe 8
715
3
fcf-hbf 9
dga-hbf 1
jf-hbf 4
716
5
gde-hbg 4
ife-hbg 6
egh-hbg 3
jh-hbg 1
bdjf-hbg 7
717
4
dbj-hbh 1
ifg-hbh 1
ci-hbh 5
babe-hbh 8
718
2
egd-hbi 4
jfh-hbi 9
719
2
jge-hbj 1
bedf-hbj 9
720
7
g-hca 1
hcf-hca 6
ejj-hca 1
cib-hca 4
jid-hca 4
ead-hca 4
ibe-hca 8
721
5
cha-hcb 1
jba-hcb 1
bdfa-hcb 1
ffe-hcb 1
bahd-hcb 24
722
2
cie-hcc 3
iee-hcc 2
723
5
hhf-hcd 1
bgi-hcd 3
ghf-hcd 1
bdhb-hcd 1
jee-hcd 18
724
7
gfj-hce 1
eab-hce 1
bde-hce 1
dha-hce 1
ejf-hce 11
bchf-hce 2
beaf-hce 6
725
5
cih-hcf 1
b-hcf 4
hhc-hcf 1
bbae-hcf 2
gad-hcf 10
726
4
ja-hcg 3
jjg-hcg 1
baed-hcg 3
ibf-hcg 10
727
4
fci-hch 6
jcb-hch 2
gdg-hch 5
ghe-hch 2
728
5
geh-hci 2
baef-hci 1
bdff-hci 2
fbf-hci 1
ggi-hci 12
729
6
eec-hcj 6
hdb-hcj 1
ejb-hcj 1
bbbg-hcj 1
bbgd-hcj 14
jd-hcj 1
730
5
eda-hda 1
ffb-hda 6
ea-hda 1
idc-hda 3
dec-hda 7
731
4
fei-hdb 1
jh-hdb 1
bejg-hdb 3
bfhg-hdb 10
732
6
cbi-hdc 1
jbf-hdc 4
cej-hdc 1
bdac-hdc 5
gig-hdc 1
befb-hdc 8
733
4
ejb-hdd 1
bdg-hdd 17
cih-hdd 1
bcf-hdd 1
734
3
gdj-hde 1
bbjf-hde 4
jfh-hde 9
735
5
fad-hdf 2
bbha-hdf 5
dci-hdf 1
bcfg-hdf 1
gbh-hdf 8
736
3
eba-hdg 1
fjc-hdg 9
dac-hdg 1
737
3
fec-hdh 6
ihb-hdh 3
baga-hdh 1
738
3
bic-hdi 1
iae-hdi 1
beah-hdi 12
739
4
bci-hdj 1
eci-hdj 4
haa-hdj 8
jbj-hdj 1
740
8
fdf-hea 4
jjg-hea 1
jb-hea 1
djb-hea 8
bdfd-hea 2
cb-hea 1
bcji-hea 1
befg-hea 11
741
2
fab-heb 1
icg-heb 8
742
4
bdhc-hec 11
bfjg-hec 4
bdda-hec 10
fai-hec 5
743
3
ffe-hed 3
bcbg-hed 7
bfei-hed 1
744
3
gbf-hee 3
ijb-hee 1
bfhd-hee 9
745
5
beg-hef 1
bge-hef 1
gha-hef 1
bfch-hef 1
bjd-hef 14
746
3
ceb-heg 1
bcdd-heg 12
fid-heg 1
747
4
hii-heh 14
ggc-heh 2
ed-heh 1
dcb-heh 3
748
3
ie-hei 1
fad-hei 3
if-hei 7
749
4
gcc-hej 1
cec-hej 3
ccd-hej 2
bgbd-hej 8
750
5
dgc-hfa 7
jga-hfa 1
jhg-hfa 2
bdi-hfa 1
befe-hfa 4
751
5
egc-hfb 2
icd-hfb 11
gc-hfb 3
beh-hfb 2
bff-hfb 5
752
3
gab-hfc 3
gjh-hfc 5
bcdc-hfc 1
753
4
ddc-hfd 1
bad-hfd 2
eih-hfd 5
bcec-hfd 2
754
4
dfb-hfe 1
bahd-hfe 14
ejg-hfe 3
gac-hfe 2
755
3
hge-hff 2
bacc-hff 2
bbci-hff 1
756
3
gfd-hfg 1
ij-hfg 1
bbac-hfg 9
757
5
eci-hfh 1
ihf-hfh 2
ede-hfh 13
ibb-hfh 1
bbaj-hfh 1
758
3
heb-hfi 1
eci-hfi 1
beih-hfi 12
759
3
gaa-hfj 1
jfc-hfj 1
bfhi-hfj 9
760
2
fdb-hga 2
bbg-hga 11
761
6
iaj-hgb 2
bdf-hgb 3
gcc-hgb 3
dfj-hgb 2
hfc-hgb 11
bccd-hgb 3
762
4
dej-hgc 1
hje-hgc 8
fea-hgc 2
fia-hgc 6
763
2
bbfa-hgd 5
bedb-hgd 5
764
3
efg-hge 1
jdc-hge 1
beff-hge 9
765
4
bci-hgf 3
fea-hgf 1
icd-hgf 3
bafe-hgf 6
766
3
ddc-hgg 3
baib-hgg 4
ehf-hgg 4
767
2
deg-hgh 1
dej-hgh 15
768
4
hah-hgi 1
baai-hgi 1
cdb-hgi 3
baja-hgi 9
769
1
bbjj-hgj 1
770
6
ii-hha 2
ihj-hha 11
hdd-hha 2
bi-hha 1
baad-hha 7
dag-hha 1
771
5
fj-hhb 1
dfa-hhb 3
bbaa-hhb 8
bbaj-hhb 1
gfa-hhb 4
772
3
fhc-hhc 2
beff-hhc 17
eia-hhc 1
773
4
ch-hhd 1
gaa-hhd 17
bdec-hhd 2
bbd-hhd 1
774
5
gja-hhe 2
fcd-hhe 1
dji-hhe 2
eff-hhe 11
bdfa-hhe 2
775
4
ed-hhf 1
dag-hhf 2
bafj-hhf 7
bcf-hhf 6
776
4
bcd-hhg 1
hbb-hhg 4
ga-hhg 1
dgd-hhg 8
777
2
ebd-hhh 2
haa-hhh 3
778
2
dcj-hhi 1
bdci-hhi 12
779
7
beb-hhj 3
idc-hhj 1
hie-hhj 2
cbg-hhj 1
chi-hhj 1
jec-hhj 5
bfag-hhj 17
780
3
dbf-hia 1
bbie-hia 2
jdd-hia 8
781
3
ccc-hib 1
bbi-hib 12
bbfb-hib 1
782
4
dhd-hic 3
dcc-hic 2
bgcf-hic 15
chh-hic 2
783
1
bgdg-hid 6
784
2
bjg-hie 2
bgbb-hie 8
785
3
fje-hif 5
cii-hif 3
ggc-hif 5
786
3
gb-hig 1
fig-hig 8
che-hig 1
787
5
eii-hih 1
iaf-hih 2
bfg-hih 1
bdbe-hih 1
ddh-hih 13
788
4
fej-hii 1
djb-hii 1
jaj-hii 1
cgi-hii 18
789
6
fj-hij 1
hag-hij 2
dif-hij 6
bbbd-hij 1
jff-hij 2
bji-hij 13
790
2
fae-hja 4
gbd-hja 3
791
3
bde-hjb 1
cbb-hjb 1
cfh-hjb 12
792
7
edj-hjc 1
ifd-hjc 1
gaj-hjc 1
bbfi-hjc 12
bfhe-hjc 14
hbi-hjc 1
hcc-hjc 1
793
2
fef-hjd 9
bbd-hjd 1
794
2
fgj-hje 6
bdja-hje 7
795
3
gid-hjf 1
edj-hjf 13
beji-hjf 3
796
7
cfa-hjg 6
gci-hjg 3
eda-hjg 4
igd-hjg 1
jgg-hjg 3
gdj-hjg 3
jdh-hjg 3
797
2
caj-hjh 5
bcg-hjh 2
798
3
bba-hji 1
iac-hji 1
hfj-hji 9
799
7
bgc-hjj 1
fe-hjj 1
bace-hjj 1
fgd-hjj 4
gah-hjj 16
cjf-hjj 1
beea-hjj 1
800
6
cij-iaa 1
deb-iaa 3
eef-iaa 1
jcg-iaa 10
ead-iaa 1
dhc-iaa 10
801
3
cdh-iab 1
ech-iab 8
bdbh-iab 1
802
3
eic-iac 2
hbi-iac 6
hia-iac 2
803
5
cba-iad 2
d-iad 3
jcd-iad 1
cgd-iad 14
dd-iad 1
804
5
cib-iae 1
bcd-iae 1
cdf-iae 15
cjg-iae 1
fjd-iae 1
805
4
ejf-iaf 5
gjf-iaf 6
jd-iaf 1
ecj-iaf 1
806
4
ihd-iag 1
ejg-iag 1
begg-iag 1
bage-iag 15
807
2
fei-iah 2
dad-iah 2
808
4
jh-iai 1
gf-iai 1
beja-iai 1
dje-iai 12
809
3
gbh-iaj 1
gci-iaj 2
bddg-iaj 16
810
5
bcb-iba 2
bafb-iba 6
bbba-iba 8
ejb-iba 1
bbbj-iba 4
811
2
iha-ibb 11
bead-ibb 1
812
2
egb-ibc 2
bbgf-ibc 5
813
2
bdhd-ibd 2
bgcj-ibd 8
814
3
fba-ibe 4
jbe-ibe 1
bbcc-ibe 6
815
3
dje-ibf 3
dih-ibf 4
bffh-ibf 6
816
4
efj-ibg 1
ceb-ibg 2
fhg-ibg 11
bafg-ibg 4
817
3
eja-ibh 5
bahj-ibh 1
babb-ibh 8
818
5
fii-ibi 2
gi-ibi 1
bjc-ibi 5
jib-ibi 2
fdi-ibi 11
819
4
hae-ibj 1
bbdb-ibj 2
dfd-ibj 5
bbcd-ibj 6
820
5
jde-ica 1
bcfh-ica 1
edc-ica 1
becf-ica 15
dgi-ica 4
821
3
fhj-icb 1
fib-icb 1
hfi-icb 9
822
2
fdh-icc 2
edb-icc 2
823
5
hj-icd 18
jaa-icd 1
eig-icd 1
hcd-icd 2
jaj-icd 7
824
3
hgi-ice 1
jfh-ice 1
ehd-ice 12
825
4
cih-icf 1
dbb-icf 4
bcha-icf 1
fce-icf 8
826
3
bcdi-icg 2
bjj-icg 16
gcg-icg 1
827
2
djd-ich 1
beei-ich 9
828
3
dfa-ici 1
cj-ici 1
jc-ici 15
829
2
hbe-icj 1
jie-icj 6
830
5
hee-ida 1
jbh-ida 1
bhf-ida 1
ehj-ida 1
bcfd-ida 15
831
7
fce-idb 3
jcb-idb 1
cdh-idb 2
bach-idb 6
bfjd-idb 1
cii-idb 1
ghi-idb 13
832
3
gjg-idc 12
djj-idc 1
iij-idc 1
833
4
fj-idd 2
bbah-idd 2
fih-idd 1
bfda-idd 12
834
1
fgc-ide 1
835
5
dh-idf 8
jhi-idf 1
efa-idf 6
dii-idf 5
bajg-idf 1
836
4
ic-idg 1
bfi-idg 2
bagf-idg 1
dhd-idg 14
837
3
bad-idh 1
gdg-idh 1
hhg-idh 1
838
5
hhc-idi 1
baeh-idi 1
bbdd-idi 1
ech-idi 8
bgfa-idi 19
839
3
bcc-idj 5
bgf-idj 1
fdj-idj 4
840
4
chb-iea 1
eeb-iea 1
bebf-iea 12
bij-iea 1
841
3
fhb-ieb 10
bdaj-ieb 1
bbie-ieb 5
842
5
hfh-iec 1
iff-iec 1
fgf-iec 1
hfg-iec 18
bbca-iec 1
843
4
bbid-ied 8
hhb-ied 1
bche-ied 1
jac-ied 7
844
3
efc-iee 6
baje-iee 5
bdcd-iee 2
845
4
hag-ief 1
bfc-ief 6
bbah-ief 6
ea-ief 4
846
5
ebg-ieg 1
hcd-ieg 2
fjj-ieg 2
idd-ieg 8
ffh-ieg 8
847
4
bjg-ieh 1
bchj-ieh 13
bge-ieh 1
caj-ieh 2
848
6
efg-iei 8
dbf-iei 1
gdf-iei 1
hgi-iei 8
behf-iei 1
bcgb-iei 2
849
2
bdi-iej 1
bbh-iej 6
850
5
hcf-ifa 9
bbbi-ifa 3
bdbe-ifa 1
bdih-ifa 1
ccc-ifa 5
851
3
fgh-ifb 1
dfh-ifb 7
bagh-ifb 3
852
6
gfa-ifc 1
fdj-ifc 1
jid-ifc 3
cee-ifc 1
ejj-ifc 3
bchg-ifc 16
853
4
bah-ifd 1
cf-ifd 6
ijh-ifd 1
bbhd-ifd 7
854
3
dad-ife 3
bbdj-ife 1
hjf-ife 10
855
5
fb-iff 1
bjb-iff 1
jgf-iff 2
cgi-iff 1
efe-iff 13
856
3
jci-ifg 1
be-ifg 7
bgeb-ifg 15
857
4
eif-ifh 1
baga-ifh 5
baai-ifh 4
cid-ifh 14
858
2
bcci-ifi 8
badf-ifi 2
859
1
chb-ifj 1
860
2
gfj-iga 2
ebb-iga 11
861
2
gb-igb 1
cif-igb 6
862
3
eaf-igc 2
gh-igc 1
bcgi-igc 8
863
3
ife-igd 6
ggg-igd 9
hfd-igd 2
864
3
dbi-ige 1
hjc-ige 13
dbj-ige 2
865
1
egi-igf 2
866
1
babd-igg 2
867
1
hag-igh 3
868
3
gag-igi 1
bcbj-igi 5
bbg-igi 5
869
4
gih-igj 1
dde-igj 6
jba-igj 8
bdie-igj 6
870
4
jfa-iha 1
bcdj-iha 11
bbfe-iha 1
hgf-iha 2
871
2
eii-ihb 1
bbcj-ihb 6
872
3
eba-ihc 2
jfd-ihc 2
ehj-ihc 11
873
4
behh-ihd 10
bgei-ihd 1
fj-ihd 1
bbdd-ihd 12
874
3
hdi-ihe 3
hdj-ihe 1
hdg-ihe 7
875
5
eh-ihf 1
ijj-ihf 1
cfb-ihf 1
bfcc-ihf 1
bbad-ihf 13
876
4
gbf-ihg 2
cdj-ihg 6
gij-ihg 9
bcj-ihg 1
877
3
eef-ihh 1
cib-ihh 8
gih-ihh 2
878
5
gjh-ihi 1
jg-ihi 1
hdb-ihi 1
bebh-ihi 1
bdgf-ihi 15
879
2
cef-ihj 2
caf-ihj 8
880
3
hfh-iia 1
fid-iia 1
fgb-iia 9
881
5
id-iib 3
cfb-iib 1
bafa-iib 1
baeb-iib 15
chd-iib 1
882
4
iie-iic 1
fag-iic 6
gfa-iic 1
jje-iic 9
883
4
cej-iid 1
ffa-iid 7
iae-iid 3
bfei-iid 1
884
5
bec-iie 2
jee-iie 6
bgc-iie 1
bejf-iie 6
cbb-iie 2
885
2
hif-iif 3
bbei-iif 4
886
3
hcg-iig 10
hjb-iig 1
ddg-iig 1
887
1
hbj-iih 3
888
1
bbib-iii 12
889
1
baaa-iij 6
890
3
iaa-ija 4
bcfe-ija 2
dbj-ija 4
891
1
ega-ijb 1
892
4
bbf-ijc 4
hg-ijc 3
cgi-ijc 5
bcij-ijc 2
893
3
gdh-ijd 1
beda-ijd 14
hfi-ijd 2
894
4
bef-ije 1
gda-ije 1
bbbj-ije 4
beef-ije 14
895
2
hei-ijf 1
bj-ijf 6
896
2
behi-ijg 9
ig-ijg 1
897
2
hhg-ijh 2
bii-ijh 5
898
1
gd-iji 6
899
2
cff-ijj 2
iaf-ijj 5
900
3
cf-jaa 1
jbg-jaa 1
bbjh-jaa 9
901
3
djh-jab 1
baej-jab 2
gbe-jab 5
902
5
hca-jac 2
ejj-jac 5
ibb-jac 4
bgg-jac 3
ghg-jac 4
903
3
djc-jad 1
bcij-jad 8
dgj-jad 1
904
3
cja-jae 1
ee-jae 1
bbih-jae 9
905
2
bdig-jaf 10
bgd-jaf 3
906
3
cbc-jag 4
bdij-jag 1
cg-jag 6
907
6
cfe-jah 1
fie-jah 3
bajg-jah 1
bchh-jah 7
bcif-jah 1
baia-jah 13
908
5
hah-jai 1
efa-jai 2
bbbg-jai 6
bffi-jai 2
gbj-jai 7
909
2
iic-jaj 1
ebd-jaj 12
910
3
cgd-jba 1
bdef-jba 6
gej-jba 4
911
2
gjc-jbb 5
dhg-jbb 8
912
2
gbg-jbc 1
jca-jbc 6
913
3
dij-jbd 3
bgh-jbd 1
bfad-jbd 6
914
3
fbj-jbe 6
bbig-jbe 1
de-jbe 2
915
5
gfg-jbf 1
jbe-jbf 1
bedi-jbf 13
hai-jbf 1
cc-jbf 1
916
5
igc-jbg 1
bjd-jbg 1
ehd-jbg 9
bdid-jbg 2
baie-jbg 6
917
3
bji-jbh 1
babf-jbh 4
dbd-jbh 5
918
2
hai-jbi 1
bdcc-jbi 6
919
5
ieg-jbj 1
hdc-jbj 3
jhb-jbj 2
ejd-jbj 3
daa-jbj 2
920
4
idf-jca 3
jde-jca 1
jfg-jca 9
fdh-jca 1
921
4
ihh-jcb 1
hhf-jcb 2
gae-jcb 5
faj-jcb 6
922
3
fej-jcc 1
gfb-jcc 7
fjg-jcc 2
923
4
ied-jcd 1
bagh-jcd 1
hgh-jcd 6
jcc-jcd 6
924
1
bafi-jce 6
925
3
igj-jcf 7
djc-jcf 2
ghe-jcf 2
926
3
babe-jcg 1
cfj-jcg 1
ggg-jcg 15
927
1
hhh-jch 1
928
6
hhe-jci 1
fch-jci 1
fb-jci 1
beia-jci 1
bfbf-jci 17
gih-jci 5
930
3
cjb-jda 1
bdig-jda 14
bgdf-jda 2
931
5
bbaj-jdb 1
jji-jdb 2
cgf-jdb 6
hge-jdb 7
jhc-jdb 4
932
3
hbh-jdc 2
gdh-jdc 10
jc-jdc 3
933
3
dic-jdd 2
dhc-jdd 7
ffh-jdd 1
934
6
bie-jde 1
baad-jde 1
bcjb-jde 1
bdgi-jde 1
ha-jde 1
bi-jde 18
936
7
ibi-jdg 4
fbf-jdg 1
dhj-jdg 9
gea-jdg 4
bhb-jdg 4
bh-jdg 1
cjh-jdg 1
937
1
ea-jdh 1
938
1
dfb-jdi 2
939
4
ja-jdj 1
eic-jdj 2
jfj-jdj 9
dhb-jdj 1
940
2
ije-jea 9
ef-jea 1
941
1
jad-jeb 6
942
5
ehc-jec 6
bgb-jec 1
dae-jec 3
bdfg-jec 4
badg-jec 3
943
1
djc-jed 3
944
4
ceg-jee 1
ej-jee 1
cfg-jee 1
hjb-jee 12
945
5
beh-jef 1
fad-jef 1
bbfe-jef 1
bbje-jef 5
badj-jef 10
946
2
bbj-jeg 6
baib-jeg 1
947
3
ddj-jeh 4
bafe-jeh 2
bgdb-jeh 11
948
2
eff-jei 2
jja-jei 1
949
3
fgj-jej 1
ehb-jej 5
dch-jej 5
950
4
bhe-jfa 3
iec-jfa 2
chb-jfa 1
fdj-jfa 8
951
3
cge-jfb 2
bbdb-jfb 2
ebb-jfb 7
952
3
cgh-jfc 1
jgb-jfc 9
egb-jfc 1
953
2
fbd-jfd 1
babc-jfd 6
954
4
egf-jfe 1
bcif-jfe 1
bfgb-jfe 11
c-jfe 2
955
3
ee-jff 1
egg-jff 7
bfeb-jff 6
956
4
fic-jfg 1
ghc-jfg 1
bccb-jfg 7
ega-jfg 6
957
5
eij-jfh 1
ddc-jfh 1
bffj-jfh 3
gfb-jfh 14
fdf-jfh 2
958
4
eib-jfi 1
befa-jfi 7
dii-jfi 1
bbj-jfi 5
959
5
bcc-jfj 1
jfa-jfj 1
bcaj-jfj 1
bdhe-jfj 15
eac-jfj 1
960
5
fdf-jga 1
bagg-jga 1
bfcd-jga 14
bfcf-jga 1
bfab-jga 1
961
1
ecd-jgb 6
962
5
ied-jgc 2
bba-jgc 1
cfa-jgc 1
ibd-jgc 10
babj-jgc 3
963
1
ghb-jgd 2
964
5
dda-jge 1
bagf-jge 2
gbf-jge 1
bedj-jge 3
bcgj-jge 10
965
5
fbf-jgf 1
hhj-jgf 4
fjd-jgf 1
bhg-jgf 1
i-jgf 14
966
3
cfd-jgg 1
bajc-jgg 7
heh-jgg 2
967
2
jcb-jgh 3
dfc-jgh 4
968
2
gjf-jgi 1
iae-jgi 6
970
4
efh-jha 1
jia-jha 10
bea-jha 4
ghd-jha 5
971
1
ejg-jhb 3
972
4
eej-jhc 8
ced-jhc 3
gga-jhc 1
hei-jhc 2
973
2
geb-jhd 1
gba-jhd 9
974
3
jae-jhe 3
jih-jhe 2
bbai-jhe 9
975
4
gid-jhf 1
bajj-jhf 9
fch-jhf 1
behe-jhf 3
976
2
fbi-jhg 2
hde-jhg 8
977
3
gab-jhh 6
gej-jhh 1
bfia-jhh 7
978
3
fca-jhi 1
bagi-jhi 3
bcj-jhi 7
979
1
eei-jhj 6
980
7
hdd-jia 1
baac-jia 2
bje-jia 2
baca-jia 1
bded-jia 15
ecc-jia 2
ddg-jia 2
981
4
bab-jib 3
gda-jib 1
bjf-jib 4
iac-jib 7
982
2
hff-jic 2
igj-jic 8
983
4
jff-jid 2
cag-jid 1
bdgd-jid 1
bgfj-jid 10
984
3
hdb-jie 2
baih-jie 7
cij-jie 2
985
4
hah-jif 5
dge-jif 2
bdih-jif 1
bb-jif 7
986
3
bbe-jig 1
bafi-jig 2
gha-jig 8
987
3
jhi-jih 2
gfi-jih 2
bfa-jih 6
988
4
bjh-jii 1
ihe-jii 1
ddf-jii 11
cei-jii 2
989
2
bah-jij 1
ge-jij 3
990
1
idh-jja 3
991
6
ihg-jjb 1
bdi-jjb 3
jif-jjb 2
hja-jjb 8
ieg-jjb 1
cjc-jjb 4
992
3
jhg-jjc 1
jbg-jjc 2
bcgb-jjc 10
993
1
daj-jjd 3
994
5
hdd-jje 1
badd-jje 2
baig-jje 7
ej-jje 1
bbcg-jje 10
995
2
hja-jjf 5
ccf-jjf 2
996
2
efa-jjg 3
gfc-jjg 4
997
1
geh-jjh 3
998
2
hef-jji 6
j-jji 1
999
3
edg-jjj 1
bcci-jjj 15
baea-jjj 1
1000
1
fgi-baaa 3
1001
5
ifd-baab 5
bbdf-baab 1
bc-baab 1
efi-baab 2
jeg-baab 9
1002
2
hig-baac 2
jbh-baac 8
1003
4
ehj-baad 1
jcd-baad 1
ceb-baad 11
bbbh-baad 1
1004
2
dib-baae 1
eje-baae 6
1005
2
baae-baaf 11
bdej-baaf 2
1006
5
fc-baag 1
cdc-baag 1
jci-baag 17
ffj-baag 3
beja-baag 1
1007
2
baef-baah 9
jab-baah 1
1008
4
dgd-baai 1
bacb-baai 4
baha-baai 7
igj-baai 2
1009
1
ceb-baaj 1
1010
5
dfi-baba 1
haj-baba 1
bbfb-baba 1
ehi-baba 17
jdf-baba 1
1011
3
ggi-babb 1
edh-babb 1
djh-babb 9
1012
5
jga-babc 1
ege-babc 1
beag-babc 10
if-babc 5
baif-babc 2
1013
3
gec-babd 1
bddi-babd 1
dfe-babd 9
1014
4
cjc-babe 1
ije-babe 1
dbj-babe 1
ebj-babe 11
1015
2
ceg-babf 1
begj-babf 6
1016
3
bbdj-babg 1
beba-babg 7
bdhd-babg 6
1017
2
cbg-babh 4
baia-babh 3
1018
3
gd-babi 1
cdb-babi 5
baij-babi 11
1019
3
bbcg-babj 5
fdc-babj 6
bfib-babj 1
1020
1
igh-baca 3
1021
6
jg-bacb 3
heb-bacb 2
jce-bacb 1
bcje-bacb 3
jhb-bacb 1
bgbj-bacb 15
1022
3
feg-bacc 1
hbc-bacc 1
gdb-bacc 12
1023
1
jgf-bacd 4
1024
2
dhb-bace 3
bbcd-bace 4
1025
1
ifd-bacf 3
1026
2
cja-bacg 3
bgdb-bacg 4
1027
3
fdd-bach 1
baag-bach 1
bih-bach 9
1028
2
egi-baci 1
ejc-baci 6
1029
4
ib-bacj 1
bada-bacj 1
iha-bacj 12
ibj-bacj 1
1030
4
bbcf-bada 7
hej-bada 6
gdb-bada 6
ecj-bada 2
1031
3
bdf-badb 7
dcd-badb 1
bddf-badb 2
1032
3
cad-badc 1
hfg-badc 1
ifg-badc 9
1033
3
jc-badd 1
bcac-badd 9
gh-badd 1
1034
1
ega-bade 6
1035
1
fgh-badf 6
1036
2
jhi-badg 4
bbbf-badg 3
1037
2
fhe-badh 1
bbgj-badh 3
1038
2
ghg-badi 1
bbdi-badi 6
1039
4
ff-badj 1
ijj-badj 1
bbhf-badj 1
bjf-badj 17
1040
4
jgg-baea 1
cid-baea 2
he-baea 1
hdd-baea 16
1041
4
iag-baeb 1
bbaf-baeb 1
bdcj-baeb 11
fd-baeb 1
1042
5
bcac-baec 1
jaa-baec 1
ccb-baec 1
jha-baec 11
hbg-baec 4
1043
1
djc-baed 3
1044
1
baeg-baee 6
1045
4
efd-baef 3
bdbf-baef 1
fi-baef 9
gj-baef 1
1046
4
hhd-baeg 3
jdc-baeg 4
baic-baeg 1
bcef-baeg 9
1047
2
dfd-baeh 3
ihg-baeh 1
1048
4
chj-baei 1
bhc-baei 1
bagg-baei 6
bcig-baei 10
1049
4
bbhh-baej 9
hih-baej 1
bdij-baej 1
bdfj-baej 7
1050
5
hgc-bafa 1
babe-bafa 5
cff-bafa 1
dgj-bafa 8
jdj-bafa 3
1051
4
baah-bafb 1
bcji-bafb 1
bbbd-bafb 4
gdg-bafb 8
1052
4
jce-bafc 1
hii-bafc 14
gfg-bafc 1
bbef-bafc 2
1053
2
fei-bafd 1
cfa-bafd 6
1054
3
dhc-bafe 1
bgf-bafe 1
fdd-bafe 12
1055
2
hcj-baff 1
bfif-baff 9
1056
1
fdd-bafg 3
1057
1
jbd-bafh 3
1058
4
bhj-bafi 7
chi-bafi 3
bbgf-bafi 1
bag-bafi 3
1059
3
gfi-bafj 1
bcag-bafj 1
hef-bafj 9
1060
2
ded-baga 1
bbag-baga 9
1061
2
bcgd-bagb 1
fhb-bagb 9
1062
1
gie-bagc 3
1063
3
beg-bagd 2
hgd-bagd 6
ibg-bagd 2
1064
4
jfb-bage 1
babh-bage 1
bbcj-bage 1
jhf-bage 12
1065
2
bgd-bagf 1
bede-bagf 6
1066
5
jid-bagg 1
baie-bagg 3
bbgh-bagg 1
fcb-bagg 9
hgb-bagg 4
1067
6
jbd-bagh 1
ijg-bagh 2
cgf-bagh 10
eab-bagh 1
gje-bagh 5
cde-bagh 2
1068
3
ehh-bagi 1
ggh-bagi 1
bcac-bagi 11
1069
3
jhd-bagj 9
bad-bagj 1
bgj-bagj 1
1070
2
bcgf-baha 4
bgcc-baha 9
1071
2
cgc-bahb 1
bgah-bahb 4
1072
1
hbg-bahc 5
1073
6
efa-bahd 1
dii-bahd 1
bcgf-bahd 1
beij-bahd 2
dbb-bahd 15
behd-bahd 2
1074
1
bcdi-bahe 6
1075
2
bagd-bahf 5
ffi-bahf 2
1076
2
bgc-bahg 1
gjc-bahg 6
1077
4
hea-bahh 2
bahg-bahh 3
jab-bahh 1
bedg-bahh 9
1078
4
hab-bahi 2
ceh-bahi 1
ghc-bahi 10
ia-bahi 1
1079
2
ghi-bahj 3
fbe-bahj 4
1080
3
jif-baia 1
gaf-baia 1
bgg-baia 9
1081
2
iac-baib 4
hih-baib 3
1082
3
babi-baic 1
iaa-baic 2
bcgg-baic 1
1083
2
ib-baid 3
bejd-baid 4
1084
5
iaf-baie 4
bade-baie 3
efc-baie 3
bai-baie 2
chg-baie 5
1085
1
jcb-baif 6
1086
4
edd-baig 4
jgh-baig 3
ihc-baig 1
hif-baig 6
1087
6
bbgd-baih 2
eea-baih 1
bcej-baih 1
becj-baih 11
bcgf-baih 1
gcf-baih 4
1088
2
ffj-baii 2
bbab-baii 5
1089
3
bfh-baij 1
ife-baij 11
bha-baij 5
1090
4
bif-baja 2
cgg-baja 1
bcfj-baja 6
cdh-baja 5
1091
3
ji-bajb 3
bdfg-bajb 2
bafj-bajb 5
1092
3
hih-bajc 1
bbae-bajc 2
dhb-bajc 8
1093
4
hha-bajd 9
hhg-bajd 1
edc-bajd 1
bfjc-bajd 2
1094
4
iej-baje 6
hhe-baje 1
bdab-baje 1
gfi-baje 9
1095
5
eca-bajf 1
jcd-bajf 1
jeb-bajf 1
bcje-bajf 1
bbgi-bajf 15
1096
2
cgf-bajg 2
fi-bajg 2
1097
2
hba-bajh 3
bia-bajh 4
1098
2
baje-baji 6
bhf-baji 1
1099
3
ejh-bajj 1
eci-bajj 1
bajf-bajj 9
1100
3
ghb-bbaa 1
beeg-bbaa 1
bcfa-bbaa 12
1101
2
cde-bbab 1
bbfc-bbab 6
1102
4
dce-bbac 13
iif-bbac 1
fed-bbac 1
bejd-bbac 2
1103
2
bbag-bbad 6
jbh-bbad 7
1104
6
gid-bbae 3
eah-bbae 1
bcfc-bbae 2
hg-bbae 1
bgba-bbae 1
gc-bbae 13
1105
2
eff-bbaf 6
hhg-bbaf 1
1106
1
gff-bbag 9
1107
4
fhe-bbah 3
beci-bbah 5
cja-bbah 5
bfjh-bbah 2
1108
3
bafj-bbai 1
bhj-bbai 11
bdch-bbai 1
1109
1
ich-bbaj 3
1110
5
hde-bbba 1
babb-bbba 1
cgd-bbba 1
hdb-bbba 14
jid-bbba 1
1111
1
hed-bbbb 3
1113
4
icb-bbbd 1
baec-bbbd 4
bbh-bbbd 1
bgab-bbbd 7
1114
3
bcc-bbbe 2
bccj-bbbe 6
dhj-bbbe 2
1115
3
gej-bbbf 1
faj-bbbf 1
cef-bbbf 3
1116
3
ief-bbbg 6
baci-bbbg 1
icb-bbbg 4
1117
2
ehg-bbbh 5
bagc-bbbh 2
1118
2
bac-bbbi 6
gee-bbbi 1
1119
3
big-bbbj 2
bahe-bbbj 3
bgdj-bbbj 6
1120
2
bdd-bbca 1
jcc-bbca 9
1121
6
djj-bbcb 4
ccc-bbcb 1
jfd-bbcb 8
fbc-bbcb 1
iee-bbcb 3
hih-bbcb 8
1122
2
hbd-bbcc 6
bgf-bbcc 1
1123
3
jjd-bbcd 1
gje-bbcd 5
baii-bbcd 5
1124
2
iff-bbce 4
gde-bbce 3
1125
2
bbae-bbcf 1
fhc-bbcf 6
1126
3
fcg-bbcg 2
bdid-bbcg 3
ccj-bbcg 6
1127
1
icb-bbch 3
1128
2
bie-bbci 1
babh-bbci 6
1129
2
hee-bbcj 5
bbbb-bbcj 2
1130
3
jde-bbda 12
ehh-bbda 1
bbji-bbda 1
1131
5
bbf-bbdb 1
hjj-bbdb 1
idc-bbdb 6
bfdj-bbdb 2
ifa-bbdb 7
1132
1
jh-bbdc 1
1133
5
fgh-bbdd 1
gid-bbdd 2
bci-bbdd 13
eii-bbdd 2
beb-bbdd 3
1134
1
jif-bbde 6
1135
3
baed-bbdf 2
gbi-bbdf 8
gbc-bbdf 1
1136
3
bhc-bbdg 4
bid-bbdg 1
bgdc-bbdg 9
1137
3
eef-bbdh 1
bcjd-bbdh 3
ghb-bbdh 7
1138
3
baee-bbdi 3
hbh-bbdi 9
bcba-bbdi 2
1139
1
ghi-bbdj 3
1140
3
dfh-bbea 1
cga-bbea 2
df-bbea 8
1141
5
ji-bbeb 2
bbde-bbeb 3
ihd-bbeb 7
bffc-bbeb 1
bbae-bbeb 5
1142
2
cai-bbec 1
bcie-bbec 9
1143
1
jc-bbed 6
1144
2
gcj-bbee 1
bdee-bbee 6
1145
4
badd-bbef 3
ce-bbef 2
fjb-bbef 8
fjf-bbef 1
1146
3
eca-bbeg 5
bcjg-bbeg 4
bgbc-bbeg 2
1147
2
ghj-bbeh 1
eg-bbeh 6
1148
2
gej-bbei 4
eif-bbei 3
1149
3
bcbb-bbej 6
fja-bbej 2
fci-bbej 2
1150
2
jf-bbfa 1
bacc-bbfa 6
1151
5
fgd-bbfb 1
bbgg-bbfb 4
baji-bbfb 9
ghj-bbfb 1
bdah-bbfb 3
1152
2
ibh-bbfc 9
bfej-bbfc 1
1153
4
eaa-bbfd 12
bdcj-bbfd 4
bdje-bbfd 1
ebc-bbfd 1
1154
2
chg-bbfe 1
bbgi-bbfe 6
1155
6
fcc-bbff 7
jig-bbff 1
dbh-bbff 1
ihi-bbff 3
bdjd-bbff 7
hg-bbff 2
1156
4
fea-bbfg 1
eee-bbfg 1
bcjh-bbfg 1
bfee-bbfg 12
1157
3
efd-bbfh 1
gec-bbfh 1
bbjg-bbfh 8
1158
3
bbej-bbfi 8
bace-bbfi 1
bfhb-bbfi 2
1159
4
babh-bbfj 1
cbc-bbfj 2
ifc-bbfj 14
cje-bbfj 1
1160
2
eji-bbga 1
jbc-bbga 6
1161
4
iic-bbgb 1
jff-bbgb 1
hi-bbgb 10
hgd-bbgb 3
1162
1
bafa-bbgc 3
1163
1
bgag-bbgd 6
1164
4
ddd-bbge 1
eb-bbge 8
bbff-bbge 7
ihg-bbge 1
1165
1
fcj-bbgf 3
1166
4
bcde-bbgg 4
bdai-bbgg 8
ca-bbgg 2
gfh-bbgg 3
1167
1
bbei-bbgh 6
1168
4
jab-bbgi 1
bdgi-bbgi 1
bfi-bbgi 1
jgi-bbgi 12
1169
4
bbcj-bbgj 1
hjc-bbgj 1
eah-bbgj 8
bejh-bbgj 4
1170
2
fbe-bbha 1
begi-bbha 6
1171
2
djd-bbhb 1
iec-bbhb 6
1172
3
jdi-bbhc 1
bca-bbhc 1
cbh-bbhc 9
1173
4
ece-bbhd 1
j-bbhd 5
bced-bbhd 2
bdb-bbhd 6
1174
4
bbgb-bbhe 10
fh-bbhe 1
gfe-bbhe 1
id-bbhe 1
1175
3
dia-bbhf 9
baif-bbhf 1
bfec-bbhf 1
1177
2
bcjf-bbhh 1
beee-bbhh 12
1178
2
hgi-bbhi 8
bfge-bbhi 2
1179
1
c-bbhj 1
1180
3
ij-bbia 1
edb-bbia 2
ei-bbia 7
1181
1
bdi-bbib 6
1182
2
iab-bbic 9
befc-bbic 1
1183
1
bbdd-bbid 3
1184
3
def-bbie 3
dee-bbie 4
bbhj-bbie 2
1185
2
bij-bbif 1
dcj-bbif 6
1186
1
cig-bbig 2
1187
2
bfd-bbih 1
gc-bbih 6
1188
2
jhc-bbii 1
bfgf-bbii 6
1189
3
beci-bbij 2
bbdf-bbij 11
cdd-bbij 1
1190
2
bacb-bbja 2
fec-bbja 5
1191
2
gje-bbjb 1
ffj-bbjb 3
1192
3
bbha-bbjc 1
bhc-bbjc 1
ii-bbjc 9
1193
1
jig-bbjd 3
1194
1
cbd-bbje 3
1195
4
dji-bbjf 1
jbg-bbjf 3
haj-bbjf 10
fcj-bbjf 1
1196
3
hjb-bbjg 1
bbfe-bbjg 2
bagj-bbjg 7
1197
2
jih-bbjh 1
bcjb-bbjh 6
1198
3
bch-bbji 3
hhi-bbji 4
ijh-bbji 3
1199
1
cig-bbjj 2
1200
2
bbie-bcaa 1
bgb-bcaa 6
1201
4
jjj-bcab 2
dfi-bcab 2
bchi-bcab 2
gce-bcab 4
1202
3
hac-bcac 1
fa-bcac 7
had-bcac 2
1203
3
hcd-bcad 1
bdf-bcad 5
bgcb-bcad 8
1204
2
ibg-bcae 5
bdaj-bcae 2
1205
3
jh-bcaf 1
bbha-bcaf 2
bcda-bcaf 8
1206
2
babb-bcag 1
bgch-bcag 6
1207
1
eed-bcah 6
1208
1
bbcj-bcai 6
1209
1
bbji-bcaj 3
1210
2
ejb-bcba 4
gfc-bcba 2
1211
3
hag-bcbb 1
bdbj-bcbb 3
die-bcbb 6
1212
5
bbai-bcbc 1
bcij-bcbc 1
dbe-bcbc 2
bafj-bcbc 12
ef-bcbc 2
1213
1
baca-bcbd 3
1214
2
gda-bcbe 2
bdd-bcbe 5
1215
2
igc-bcbf 3
bged-bcbf 4
1216
3
iea-bcbg 7
behc-bcbg 2
dbh-bcbg 2
1217
1
bhg-bcbh 1
1218
3
jcf-bcbi 2
jdd-bcbi 7
bfcf-bcbi 2
1219
3
hgc-bcbj 2
bcch-bcbj 1
hjj-bcbj 5
1220
4
fb-bcca 1
bdhj-bcca 1
jfe-bcca 15
behj-bcca 1
1221
3
bcag-bccb 1
egb-bccb 6
cid-bccb 4
1222
1
edj-bccc 1
1223
3
ced-bccd 1
behg-bccd 3
bfed-bccd 7
1224
2
eci-bcce 4
iib-bcce 3
1225
2
bajb-bccf 1
bfhd-bccf 9
1226
2
badf-bccg 2
begg-bccg 5
1227
1
hjg-bcch 3
1228
2
hjd-bcci 6
bcae-bcci 1
1229
6
dci-bccj 1
bdeb-bccj 1
gbe-bccj 8
bg-bccj 1
cfg-bccj 7
hci-bccj 4
1230
3
ijd-bcda 2
beii-bcda 1
dh-bcda 8
1231
3
baci-bcdb 1
bddd-bcdb 1
bbeb-bcdb 9
1232
4
ghb-bcdc 1
bcj-bcdc 1
bfga-bcdc 1
bccd-bcdc 14
1233
3
bbfh-bcdd 2
bagh-bcdd 9
bdid-bcdd 3
1234
5
gic-bcde 1
cba-bcde 2
baji-bcde 3
bcha-bcde 2
beje-bcde 10
1235
1
bbef-bcdf 6
1236
3
jje-bcdg 1
hjc-bcdg 7
chc-bcdg 2
1237
2
faf-bcdh 5
bchf-bcdh 2
1238
3
cfg-bcdi 8
becb-bcdi 1
hee-bcdi 5
1239
1
fdb-bcdj 3
1240
1
becb-bcea 6
1241
2
idj-bceb 6
bfcf-bceb 1
1242
1
dgj-bcec 2
1243
1
bcjd-bced 6
1244
6
gdf-bcee 1
bdca-bcee 1
bdja-bcee 3
ffd-bcee 1
iai-bcee 4
ejh-bcee 1
1245
2
fbj-bcef 6
fbb-bcef 1
1246
1
cca-bceg 3
1247
4
bge-bceh 1
bbdf-bceh 5
bdae-bceh 7
fab-bceh 1
1248
1
bci-bcei 3
1249
3
jfh-bcej 7
ef-bcej 1
gif-bcej 2
1250
2
djh-bcfa 1
jfh-bcfa 6
1252
2
jbj-bcfc 1
cig-bcfc 6
1253
3
jeh-bcfd 1
beie-bcfd 1
idg-bcfd 9
1254
1
jh-bcfe 6
1255
4
ddd-bcff 1
hfh-bcff 3
iie-bcff 3
begg-bcff 7
1256
2
fjj-bcfg 6
bcje-bcfg 1
1257
1
egd-bcfh 3
1258
1
ihe-bcfi 3
1259
4
jii-bcfj 1
cig-bcfj 1
ibc-bcfj 1
bchb-bcfj 12
1260
1
ghc-bcga 3
1261
2
eai-bcgb 5
jae-bcgb 2
1262
2
bahc-bcgc 1
beih-bcgc 6
1263
1
gba-bcgd 1
1264
3
bddi-bcge 1
bgh-bcge 3
baih-bcge 7
1265
1
bbga-bcgf 3
1266
2
beej-bcgg 1
bfhf-bcgg 9
1267
2
cbj-bcgh 1
bdjg-bcgh 6
1268
4
bfh-bcgi 1
hce-bcgi 5
bge-bcgi 2
fca-bcgi 6
1269
3
bdbg-bcgj 4
bfci-bcgj 2
beae-bcgj 7
1270
2
dgg-bcha 2
deh-bcha 5
1271
2
hhd-bchb 1
bdfj-bchb 6
1272
2
bdb-bchc 1
cej-bchc 6
1273
2
jbd-bchd 4
bdaf-bchd 3
1274
2
gcd-bche 3
becg-bche 4
1275
2
hdj-bchf 1
bfag-bchf 6
1276
4
hhj-bchg 1
hga-bchg 3
idc-bchg 1
bebi-bchg 9
1277
5
cjb-bchh 1
bcjb-bchh 1
bcjj-bchh 9
hhi-bchh 2
bbij-bchh 3
1278
2
bcdj-bchi 4
ifh-bchi 3
1279
1
jcd-bchj 9
1280
5
hid-bcia 1
hhg-bcia 1
ibc-bcia 1
baid-bcia 1
bgec-bcia 14
1281
4
bdcc-bcib 1
bje-bcib 6
bfgd-bcib 8
dde-bcib 3
1283
1
bede-bcid 1
1284
3
bbgh-bcie 1
bebd-bcie 1
eic-bcie 9
1285
2
jhh-bcif 2
bdjb-bcif 5
1286
1
fae-bcig 3
1287
1
cae-bcih 3
1288
3
cga-bcii 2
bafh-bcii 1
jeh-bcii 7
1289
1
ebd-bcij 3
1290
3
ica-bcja 6
hhd-bcja 5
bbfi-bcja 2
1291
2
bcaa-bcjb 2
dba-bcjb 5
1292
2
bbdg-bcjc 5
bbaf-bcjc 5
1293
1
hdf-bcjd 3
1294
1
bbfh-bcje 3
1295
4
dde-bcjf 6
fda-bcjf 1
bdjc-bcjf 5
bedc-bcjf 2
1296
2
jce-bcjg 1
eii-bcjg 6
1297
1
dch-bcjh 2
1298
2
ida-bcji 6
dg-bcji 1
1299
2
fig-bcjj 3
bfgi-bcjj 4
1300
3
eba-bdaa 1
gcj-bdaa 2
edh-bdaa 10
1301
2
iji-bdab 5
bdib-bdab 2
1302
2
gba-bdac 2
cgb-bdac 5
1303
3
dja-bdad 4
ch-bdad 6
jdi-bdad 1
1304
2
bahi-bdae 3
bbif-bdae 4
1305
1
ga-bdaf 3
1306
1
badg-bdag 2
1307
2
ibd-bdah 7
beeg-bdah 3
1308
2
bajh-bdai 2
baij-bdai 5
1309
2
je-bdaj 3
hed-bdaj 4
1310
1
bbch-bdba 3
1311
1
jeh-bdbb 3
1312
1
bcgf-bdbc 2
1314
1
hh-bdbe 3
1315
1
hf-bdbf 1
1316
3
hdj-bdbg 3
ddc-bdbg 3
bfii-bdbg 4
1317
1
jhg-bdbh 3
1318
2
dbc-bdbi 8
bfbc-bdbi 2
1319
4
bbci-bdbj 1
dhe-bdbj 2
gid-bdbj 6
jfa-bdbj 5
1320
1
fej-bdca 2
1321
2
cii-bdcb 1
ibj-bdcb 6
1322
2
iig-bdcc 1
bdhf-bdcc 9
1323
2
bbcb-bdcd 3
bdgd-bdcd 4
1324
1
jfc-bdce 3
1325
1
faa-bdcf 3
1326
1
bce-bdcg 3
1327
2
hgc-bdch 4
cac-bdch 3
1328
2
efh-bdci 5
ci-bdci 2
1329
2
jjc-bdcj 3
feb-bdcj 4
1330
2
efh-bdda 6
bebj-bdda 1
1331
1
bbbg-bddb 3
1333
2
daa-bddd 2
bcbf-bddd 5
1334
2
jif-bdde 6
bid-bdde 1
1335
3
gig-bddf 1
bbbg-bddf 4
bbcc-bddf 5
1336
1
badj-bddg 6
1337
1
bffa-bddh 6
1338
1
fjg-bddi 3
1339
3
bcaf-bddj 5
bbbe-bddj 5
bj-bddj 1
1340
1
dc-bdea 3
1341
2
jaf-bdeb 3
bdif-bdeb 4
1342
4
ida-bdec 1
cca-bdec 2
bfeg-bdec 1
bfaf-bdec 10
1343
2
bbbi-bded 1
befd-bded 6
1344
3
bcie-bdee 2
cgc-bdee 1
gii-bdee 7
1345
2
bbeg-bdef 1
hbe-bdef 6
1346
3
hdh-bdeg 3
iai-bdeg 2
bgfb-bdeg 6
1347
2
cfc-bdeh 5
ecj-bdeh 2
1348
1
bccd-bdei 3
1349
2
jag-bdej 4
bfaa-bdej 3
1350
3
jjf-bdfa 1
hdb-bdfa 5
bje-bdfa 5
1351
2
icf-bdfb 1
ijg-bdfb 6
1352
1
hdc-bdfc 3
1353
2
bec-bdfd 6
efb-bdfd 1
1354
2
gdf-bdfe 4
bfeg-bdfe 3
1355
1
jga-bdff 3
1356
2
bib-bdfg 1
bdic-bdfg 5
1357
2
bacc-bdfh 6
bege-bdfh 1
1358
2
becc-bdfi 6
jcf-bdfi 1
1359
3
bbjf-bdfj 2
cdf-bdfj 1
hae-bdfj 10
1360
4
ehh-bdga 2
ihf-bdga 6
begc-bdga 2
bafa-bdga 4
1361
3
hig-bdgb 1
fca-bdgb 1
bead-bdgb 9
1362
2
bcbd-bdgc 1
eba-bdgc 6
1363
2
gga-bdgd 1
gbc-bdgd 6
1364
1
baej-bdge 3
1365
3
gdb-bdgf 1
bfbe-bdgf 7
fcc-bdgf 3
1366
1
fbh-bdgg 3
1367
2
ghj-bdgh 7
eea-bdgh 3
1368
2
bdj-bdgi 5
bdjb-bdgi 2
1369
2
hhh-bdgj 1
bgdi-bdgj 6
1370
3
gfj-bdha 1
daj-bdha 2
behi-bdha 6
1371
2
haf-bdhb 1
hbh-bdhb 9
1372
2
bahg-bdhc 6
jei-bdhc 1
1373
2
bcbg-bdhd 5
bae-bdhd 2
1374
4
bagb-bdhe 11
jjj-bdhe 1
baia-bdhe 1
ecc-bdhe 1
1375
2
bfae-bdhf 6
bcdh-bdhf 1
1376
1
efd-bdhg 3
1377
1
bdfd-bdhh 6
1378
3
hb-bdhi 1
ihe-bdhi 1
ccf-bdhi 8
1379
1
iah-bdhj 3
1380
2
bgff-bdia 2
jgg-bdia 5
1381
1
bcfi-bdib 3
1382
1
hhg-bdic 3
1383
1
beh-bdid 3
1384
1
igc-bdie 3
1385
2
fgc-bdif 4
f-bdif 3
1386
2
bdge-bdig 9
bajc-bdig 1
1387
1
ijf-bdih 2
1388
2
cch-bdii 6
fbg-bdii 1
1389
1
fbg-bdij 3
1390
2
bbhb-bdja 6
bdeb-bdja 1
1391
1
bchd-bdjb 3
1392
2
ifh-bdjc 3
bfbb-bdjc 4
1393
1
eca-bdjd 3
1394
3
bacj-bdje 6
bbjb-bdje 1
cge-bdje 2
1395
1
jig-bdjf 3
1396
1
bdef-bdjg 3
1397
2
baj-bdjh 1
bfdf-bdjh 6
1398
2
bej-bdji 1
egb-bdji 6
1399
2
cb-bdjj 1
bccf-bdjj 6
1400
2
bcfj-beaa 4
eeb-beaa 3
1401
2
baai-beab 3
bdde-beab 4
1403
2
bib-bead 6
bafg-bead 1
1404
1
bdch-beae 3
1405
1
geb-beaf 3
1406
1
cci-beag 3
1407
3
jie-beah 1
bche-beah 2
bgfc-beah 8
1408
1
ida-beai 3
1409
2
bcea-beaj 1
dea-beaj 6
1410
3
bbcb-beba 3
bfg-beba 1
bbf-beba 7
1411
1
bgf-bebb 3
1412
1
bbah-bebc 3
1413
2
babc-bebd 1
bejj-bebd 6
1414
1
bccd-bebe 3
1415
2
bbfj-bebf 6
ghb-bebf 1
1416
1
idj-bebg 3
1417
2
bbgc-bebh 3
dag-bebh 3
1418
1
fad-bebi 3
1419
1
bbec-bebj 3
1420
2
ddg-beca 2
jjf-beca 5
1421
3
jed-becb 1
bcg-becb 2
bfbj-becb 8
1422
2
bcc-becc 2
haf-becc 5
1423
2
fba-becd 2
bbii-becd 5
1424
1
fii-bece 3
1425
2
fed-becf 1
hce-becf 6
1426
1
bagi-becg 3
1427
1
dfj-bech 2
1428
1
bbgj-beci 3
1429
2
bdbi-becj 1
hec-becj 6
1430
3
bc-beda 1
bfhh-beda 5
cbd-beda 5
1431
1
bebd-bedb 3
1432
2
baic-bedc 2
bfaj-bedc 5
1433
1
ceg-bedd 3
1434
2
bbda-bede 5
hf-bede 2
1435
2
djf-bedf 1
ebh-bedf 6
1436
2
gfg-bedg 1
jbg-bedg 12
1437
2
baha-bedh 4
bgai-bedh 6
1438
2
iib-bedi 6
bfba-bedi 1
1439
1
igd-bedj 3
1441
2
hcf-beeb 10
bbee-beeb 3
1442
1
jba-beec 3
1443
3
dgj-beed 1
becd-beed 8
bfih-beed 5
1444
2
hhc-beee 1
eff-beee 6
1445
2
icf-beef 6
hhf-beef 1
1446
3
he-beeg 4
bdeb-beeg 6
befc-beeg 1
1447
1
bdgc-beeh 3
1448
1
bdcg-beei 3
1449
1
cge-beej 2
1450
2
cbc-befa 11
ebe-befa 2
1451
1
babd-befb 3
1452
1
bchf-befc 3
1453
3
iia-befd 7
chj-befd 1
dci-befd 3
1454
1
fif-befe 3
1455
2
hc-beff 1
fid-beff 6
1456
1
bah-befg 3
1457
1
heh-befh 1
1458
1
bahf-befi 2
1459
1
bdgc-befj 3
1460
1
gca-bega 3
1461
1
iie-begb 3
1462
2
ghf-begc 2
bgad-begc 5
1463
1
bdgi-begd 3
1464
2
babb-bege 4
bdci-bege 3
1465
1
dfc-begf 1
1466
2
ifb-begg 5
bfai-begg 2
1467
1
eac-begh 3
1468
1
cff-begi 3
1469
2
bbfb-begj 6
eef-begj 1
1470
3
bebd-beha 1
cji-beha 3
hcj-beha 7
1471
1
bfdh-behb 6
1472
1
ifa-behc 3
1473
1
eda-behd 3
1474
3
baja-behe 2
ihd-behe 2
bgaa-behe 7
1475
1
hdf-behf 3
1476
1
iei-behg 3
1477
1
bcgg-behh 3
1478
2
bjh-behi 1
bgde-behi 6
1479
3
dcd-behj 2
ihb-behj 1
dbd-behj 3
1480
1
ffd-beia 2
1481
1
bdaj-beib 3
1482
3
bbb-beic 3
ec-beic 1
dg-beic 7
1483
2
bdje-beid 2
iai-beid 5
1484
1
cgc-beie 1
1485
3
hfb-beif 1
cii-beif 1
gab-beif 9
1486
2
bedd-beig 4
baf-beig 2
1487
2
dcc-beih 1
ijd-beih 6
1488
1
cbe-beii 3
1489
2
che-beij 1
bah-beij 9
1490
1
cid-beja 3
1491
1
bace-bejb 3
1493
1
badc-bejd 3
1494
1
baag-beje 3
1495
1
jhi-bejf 3
1496
2
cha-bejg 1
bcag-bejg 6
1497
1
bdaa-bejh 3
1498
2
ifa-beji 2
dcf-beji 5
1499
1
cdg-bejj 3
1500
2
bhf-bfaa 3
ccd-bfaa 4
1501
1
fbi-bfab 3
1503
1
jhc-bfad 3
1504
3
ecc-bfae 5
bfah-bfae 4
bai-bfae 1
1505
2
hbb-bfaf 1
bedh-bfaf 6
1506
2
jai-bfag 6
bdad-bfag 1
1507
1
jbf-bfah 3
1508
1
bcaj-bfai 3
1509
1
bcjd-bfaj 3
1510
1
bdgg-bfba 3
1511
1
hda-bfbb 3
1512
1
ijd-bfbc 3
1513
3
fia-bfbd 4
dcg-bfbd 4
bbjd-bfbd 2
1514
1
behh-bfbe 3
1515
2
efe-bfbf 5
bdga-bfbf 2
1516
1
hih-bfbg 3
1518
1
jjc-bfbi 3
1519
1
beif-bfbj 3
1520
1
ghc-bfca 3
1521
3
bbba-bfcb 2
gfa-bfcb 1
gaj-bfcb 7
1522
1
gga-bfcc 3
1523
3
bdbj-bfcd 5
bcdc-bfcd 4
ggc-bfcd 1
1524
1
jh-bfce 3
1525
1
bca-bfcf 3
1526
3
cjc-bfcg 7
bfgg-bfcg 1
bgdj-bfcg 3
1527
1
bafe-bfch 3
1528
1
fjb-bfci 3
1529
2
dif-bfcj 2
gh-bfcj 5
1530
2
bgce-bfda 1
baai-bfda 6
1531
1
iih-bfdb 3
1532
1
bfbc-bfdc 3
1533
1
bcgh-bfdd 1
1534
1
jgf-bfde 3
1535
1
ddf-bfdf 3
1536
1
bdfi-bfdg 3
1537
1
bdec-bfdh 3
1538
2
ihc-bfdi 1
fgc-bfdi 6
1539
2
dgg-bfdj 1
bddd-bfdj 6
1540
1
jdg-bfea 3
1541
1
ggf-bfeb 3
1542
2
bdge-bfec 4
edg-bfec 1
1543
2
iea-bfed 3
iia-bfed 4
1544
2
dae-bfee 4
fhi-bfee 3
1545
4
ied-bfef 9
bgaf-bfef 1
bgda-bfef 2
faa-bfef 3
1546
1
dfb-bfeg 3
1547
1
fdc-bfeh 3
1548
1
cbf-bfei 3
1549
1
bdia-bfej 3
1550
1
iab-bffa 3
1551
1
bda-bffb 3
1552
1
iai-bffc 3
1553
1
egi-bffd 3
1554
1
jai-bffe 2
1555
1
becg-bfff 3
1556
1
gci-bffg 3
1557
1
ghi-bffh 3
1558
1
ed-bffi 3
1559
1
eda-bffj 3
1560
2
dcg-bfga 1
bfj-bfga 1
1561
2
beif-bfgb 6
bcfj-bfgb 1
1562
1
bdac-bfgc 3
1563
1
ihj-bfgd 3
1564
1
chj-bfge 3
1565
2
eig-bfgf 1
bgga-bfgf 6
1566
1
ec-bfgg 3
1567
1
bbie-bfgh 3
1568
3
fea-bfgi 1
bgee-bfgi 1
bgej-bfgi 9
1570
1
cga-bfha 3
1571
1
bhg-bfhb 3
1572
1
dgd-bfhc 3
1573
1
bdgb-bfhd 3
1574
1
bfi-bfhe 3
1575
2
jjj-bfhf 6
ded-bfhf 1
1576
2
bfhi-bfhg 6
ibi-bfhg 1
1577
1
ibh-bfhh 3
1578
1
ice-bfhi 3
1579
2
gih-bfhj 3
bejj-bfhj 2
1580
1
df-bfia 3
1581
1
bdca-bfib 1
1582
2
bgfg-bfic 3
igc-bfic 4
1583
1
hfa-bfid 3
1584
1
ceh-bfie 2
1585
2
dfi-bfif 6
caa-bfif 1
1587
1
cif-bfih 3
1588
2
edc-bfii 2
hjg-bfii 5
1589
1
gih-bfij 3
1590
1
bie-bfja 3
1591
1
icj-bfjb 3
1592
1
bej-bfjc 3
1593
1
bajd-bfjd 3
1594
1
bfba-bfje 3
1595
1
cdg-bfjf 3
1596
1
bdej-bfjg 3
1597
1
bcga-bfjh 1
1598
1
bebd-bfji 2
1599
1
hhg-bfjj 3
1600
1
bcdd-bgaa 3
1601
1
fga-bgab 3
1602
1
babg-bgac 3
1603
1
bdba-bgad 3
1604
1
bajd-bgae 3
1605
1
beab-bgaf 3
1606
1
bed-bgag 3
1607
1
bdhi-bgah 3
1608
1
baji-bgai 3
1609
1
egb-bgaj 3
1610
1
ddd-bgba 3
1611
1
dib-bgbb 3
1612
1
bba-bgbc 3
1613
2
bfb-bgbd 2
bfje-bgbd 5
1614
1
bfhe-bgbe 3
1615
1
bbfa-bgbf 3
1616
1
dff-bgbg 3
1617
2
ece-bgbh 1
bgfh-bgbh 6
1618
1
bfjc-bgbi 3
1619
1
cbj-bgbj 3
1620
1
hjh-bgca 2
1621
1
icd-bgcb 3
1622
2
dga-bgcc 6
bdbe-bgcc 1
1624
1
bacd-bgce 1
1625
1
cib-bgcf 3
1626
1
cba-bgcg 3
1627
1
cga-bgch 3
1628
2
bda-bgci 2
hje-bgci 5
1629
1
beeg-bgcj 3
1630
1
bcai-bgda 3
1631
1
jdd-bgdb 3
1632
1
gbb-bgdc 3
1633
3
bffd-bgdd 1
bhf-bgdd 1
ede-bgdd 9
1634
1
beic-bgde 3
1635
1
bbia-bgdf 3
1636
1
baf-bgdg 3
1637
1
hhh-bgdh 3
1638
2
bach-bgdi 6
jdi-bgdi 1
1639
1
jdb-bgdj 3
1640
1
bcia-bgea 3
1641
1
ega-bgeb 3
1642
2
djd-bgec 2
bacg-bgec 5
1643
1
behi-bged 3
1644
1
hjf-bgee 2
1645
1
fed-bgef 3
1646
1
baca-bgeg 3
1647
1
bece-bgeh 3
1648
1
bgca-bgei 2
1649
1
jej-bgej 3
1650
1
bddj-bgfa 3
1651
1
bhh-bgfb 3
1652
1
bfjg-bgfc 3
1653
2
gif-bgfd 6
ddb-bgfd 1
1654
1
bfcf-bgfe 3
1655
1
bcgh-bgff 3
1656
1
bce-bgfg 3
1657
1
bgbi-bgfh 3
1658
1
bie-bgfi 2
1659
1
eef-bgfj 3
1660
1
bdhi-bgga 3
1661
1
bdhg-bggb 3
